-------------------------------------------------------------------------------
Test set: com.parkit.parkingsystem.ParkingServiceTest
-------------------------------------------------------------------------------
Tests run: 6, Failures: 2, Errors: 0, Skipped: 0, Time elapsed: 1.98 s <<< FAILURE! - in com.parkit.parkingsystem.ParkingServiceTest
testGetNextParkingNumberIfAvailableParkingNumberNotFound  Time elapsed: 1.943 s  <<< FAILURE!
org.opentest4j.AssertionFailedError: error parking number not found, is null ==> expected: not <null>
	at com.parkit.parkingsystem.ParkingServiceTest.testGetNextParkingNumberIfAvailableParkingNumberNotFound(ParkingServiceTest.java:151)

testGetNextParkingNumberIfAvailableParkingNumberWrongArgument  Time elapsed: 0.004 s  <<< FAILURE!
org.opentest4j.AssertionFailedError: wrong argument: 3 from selection of user in shell of parking type, argument parking type must be 1 or 2 ==> expected: <true> but was: <false>
	at com.parkit.parkingsystem.ParkingServiceTest.testGetNextParkingNumberIfAvailableParkingNumberWrongArgument(ParkingServiceTest.java:170)

