<?xml version="1.0" encoding="UTF-8" standalone="yes"?><!DOCTYPE report PUBLIC "-//JACOCO//DTD Report 1.1//EN" "report.dtd"><report name="parking-system"><sessioninfo id="asus-32ab0fa0" start="1688324262597" dump="1688324265861"/><sessioninfo id="asus-bf83af1d" start="1688324350564" dump="1688324353969"/><sessioninfo id="asus-30d50c28" start="1688324488959" dump="1688324492300"/><sessioninfo id="asus-7acff4b7" start="1688324638550" dump="1688324641811"/><sessioninfo id="asus-bc09de0f" start="1688324693396" dump="1688324696963"/><sessioninfo id="asus-2378fe5a" start="1688324759469" dump="1688324763036"/><sessioninfo id="asus-65cb2955" start="1688324857041" dump="1688324860774"/><sessioninfo id="asus-f50e1a79" start="1688325033511" dump="1688325037403"/><sessioninfo id="asus-c4233304" start="1688325274130" dump="1688325277976"/><sessioninfo id="asus-119d2d0a" start="1688325568244" dump="1688325571780"/><sessioninfo id="asus-ba8d4d59" start="1688371921136" dump="1688371924290"/><sessioninfo id="asus-55c22c75" start="1688575269110" dump="1688575272273"/><sessioninfo id="asus-c818b6f0" start="1688576704191" dump="1688576715832"/><sessioninfo id="asus-521fc134" start="1688579377900" dump="1688579381566"/><sessioninfo id="asus-f4a57766" start="1688596975307" dump="1688596978219"/><sessioninfo id="asus-af308314" start="1688597151375" dump="1688597161634"/><sessioninfo id="asus-f24ad3c6" start="1688597376493" dump="1688597387832"/><sessioninfo id="asus-7838a66e" start="1688597631015" dump="1688597641875"/><sessioninfo id="asus-79dda477" start="1688597806525" dump="1688597817347"/><sessioninfo id="asus-159cca5b" start="1688597906988" dump="1688597910110"/><sessioninfo id="asus-2f432aae" start="1688629400018" dump="1688629408262"/><sessioninfo id="asus-b54b4ca5" start="1688629456371" dump="1688629458410"/><sessioninfo id="asus-eea40566" start="1688666692982" dump="1688666696303"/><sessioninfo id="asus-4f4eb77d" start="1688673422100" dump="1688673425043"/><sessioninfo id="asus-c1cb8db3" start="1688674671700" dump="1688674675379"/><sessioninfo id="asus-aeeecf26" start="1688674942260" dump="1688674946033"/><sessioninfo id="asus-1b90a3f6" start="1688675192487" dump="1688675196092"/><sessioninfo id="asus-f119a957" start="1688675314642" dump="1688675318699"/><sessioninfo id="asus-e462e6d" start="1688714965760" dump="1688714968838"/><sessioninfo id="asus-b61af591" start="1688716730370" dump="1688716733505"/><sessioninfo id="asus-fab4e616" start="1688720108335" dump="1688720111829"/><sessioninfo id="asus-70292ee7" start="1688720361037" dump="1688720364682"/><sessioninfo id="asus-6973e522" start="1688720831425" dump="1688720834559"/><sessioninfo id="asus-5c14acd0" start="1688721007914" dump="1688721011415"/><sessioninfo id="asus-2c53713" start="1688721172858" dump="1688721176322"/><sessioninfo id="asus-2eb7be6f" start="1688721321840" dump="1688721325309"/><sessioninfo id="asus-f926850c" start="1688721544915" dump="1688721548193"/><sessioninfo id="asus-2bab4f92" start="1688721637473" dump="1688721640989"/><sessioninfo id="asus-3d286329" start="1688721747802" dump="1688721751684"/><sessioninfo id="asus-5c6f8808" start="1688721845813" dump="1688721849305"/><sessioninfo id="asus-f43fbe8d" start="1688722472070" dump="1688722475097"/><sessioninfo id="asus-bc48a6b1" start="1688722626298" dump="1688722629171"/><sessioninfo id="asus-3dae8ad9" start="1688722817463" dump="1688722820173"/><sessioninfo id="asus-86782e0e" start="1688723192669" dump="1688723195491"/><sessioninfo id="asus-6fdb3fd4" start="1688723416697" dump="1688723419526"/><sessioninfo id="asus-8791c51b" start="1688725051761" dump="1688725054651"/><sessioninfo id="asus-320e2d5" start="1688725264789" dump="1688725267710"/><sessioninfo id="asus-e13ed242" start="1688726850713" dump="1688726853753"/><sessioninfo id="asus-2e8414e2" start="1688729787716" dump="1688729791386"/><sessioninfo id="asus-9d6179c5" start="1688729862786" dump="1688729866108"/><sessioninfo id="asus-f6f3b32b" start="1688730165105" dump="1688730168484"/><sessioninfo id="asus-d1e52d91" start="1688730756316" dump="1688730759917"/><sessioninfo id="asus-50fbf019" start="1688730804531" dump="1688730808181"/><sessioninfo id="asus-ca8ff1cb" start="1688730890884" dump="1688730894676"/><sessioninfo id="asus-f0f8817b" start="1688730944954" dump="1688730948671"/><sessioninfo id="asus-a0374fe6" start="1688731019999" dump="1688731023879"/><sessioninfo id="asus-75e0dd92" start="1688731062957" dump="1688731066674"/><sessioninfo id="asus-3eb06623" start="1688731760429" dump="1688731764149"/><sessioninfo id="asus-d3a90e4c" start="1688731941185" dump="1688731944397"/><sessioninfo id="asus-baf8ca48" start="1688732080680" dump="1688732084073"/><sessioninfo id="asus-6adce5cc" start="1688732363916" dump="1688732367408"/><sessioninfo id="asus-59b4770" start="1688732435087" dump="1688732438662"/><sessioninfo id="asus-7603de46" start="1688732561761" dump="1688732565510"/><sessioninfo id="asus-4dded9ec" start="1688733131853" dump="1688733135397"/><sessioninfo id="asus-893eb435" start="1688733843984" dump="1688733847950"/><sessioninfo id="asus-db304b0e" start="1688734144736" dump="1688734148434"/><sessioninfo id="asus-68d4bd0" start="1688734294230" dump="1688734298006"/><sessioninfo id="asus-b8453fa2" start="1688734477190" dump="1688734480607"/><sessioninfo id="asus-8df0d62e" start="1688736225856" dump="1688736229719"/><sessioninfo id="asus-a1c66393" start="1688736975813" dump="1688736978924"/><sessioninfo id="asus-8deb3b01" start="1688803085002" dump="1688803087999"/><sessioninfo id="asus-c6ee5378" start="1688808787870" dump="1688808791078"/><sessioninfo id="asus-1740b1d8" start="1688808902767" dump="1688808905951"/><sessioninfo id="asus-c9694faf" start="1688810902946" dump="1688810905962"/><sessioninfo id="asus-24b7550b" start="1688822472574" dump="1688822475639"/><sessioninfo id="asus-b7cc2233" start="1688822680350" dump="1688822683342"/><sessioninfo id="asus-16df8167" start="1688823097067" dump="1688823100073"/><sessioninfo id="asus-ee209c7" start="1688823184917" dump="1688823187890"/><sessioninfo id="asus-fe831f0b" start="1688823299008" dump="1688823302036"/><sessioninfo id="asus-34ed601c" start="1688823606474" dump="1688823609502"/><sessioninfo id="asus-2a89c27" start="1688823848338" dump="1688823851334"/><sessioninfo id="asus-b77cb5a" start="1688823948644" dump="1688823951631"/><sessioninfo id="asus-80325bd0" start="1688824050748" dump="1688824053781"/><sessioninfo id="asus-c6111d16" start="1688824128725" dump="1688824131797"/><sessioninfo id="asus-640e0be2" start="1688824176499" dump="1688824179475"/><sessioninfo id="asus-28a56f51" start="1688824308750" dump="1688824311558"/><sessioninfo id="asus-86a9fce6" start="1688825204108" dump="1688825207126"/><sessioninfo id="asus-9670d970" start="1688825409332" dump="1688825412122"/><sessioninfo id="asus-661f41f5" start="1688825878064" dump="1688825881307"/><sessioninfo id="asus-37d8e401" start="1688825928483" dump="1688825931391"/><sessioninfo id="asus-ad21ef66" start="1688825987541" dump="1688825990580"/><sessioninfo id="asus-a785cd34" start="1688826067958" dump="1688826070880"/><sessioninfo id="asus-435decaa" start="1688826104417" dump="1688826107389"/><sessioninfo id="asus-58f64c2b" start="1688826153532" dump="1688826156491"/><sessioninfo id="asus-db48acb5" start="1688826253799" dump="1688826257018"/><sessioninfo id="asus-87b43c96" start="1688826455559" dump="1688826458315"/><sessioninfo id="asus-ecf319f7" start="1688826747992" dump="1688826751123"/><sessioninfo id="asus-f8fa5028" start="1688826879480" dump="1688826882592"/><sessioninfo id="asus-9b7baca5" start="1688827119555" dump="1688827122420"/><sessioninfo id="asus-69f37776" start="1688827287407" dump="1688827290518"/><sessioninfo id="asus-139ac756" start="1688828159267" dump="1688828162221"/><sessioninfo id="asus-c02f92b2" start="1688829252016" dump="1688829255057"/><sessioninfo id="asus-1e510575" start="1688829399445" dump="1688829402497"/><sessioninfo id="asus-e4368cfa" start="1688829466962" dump="1688829469882"/><sessioninfo id="asus-e0bed922" start="1688829503112" dump="1688829506046"/><sessioninfo id="asus-fe152f4d" start="1688829635684" dump="1688829638578"/><sessioninfo id="asus-17fc6786" start="1688829686831" dump="1688829689921"/><sessioninfo id="asus-68f265fa" start="1688829884591" dump="1688829887289"/><sessioninfo id="asus-9f270e0b" start="1688829982496" dump="1688829985530"/><sessioninfo id="asus-3581d190" start="1688830024484" dump="1688830027411"/><sessioninfo id="asus-fedd0818" start="1688830060556" dump="1688830063467"/><sessioninfo id="asus-4577665d" start="1688830356381" dump="1688830359316"/><sessioninfo id="asus-d0dc6c62" start="1688830526742" dump="1688830529805"/><sessioninfo id="asus-44fbf577" start="1688831022384" dump="1688831025370"/><sessioninfo id="asus-2f81ae5" start="1688831344823" dump="1688831347623"/><sessioninfo id="asus-9f119fc1" start="1688831796204" dump="1688831799183"/><sessioninfo id="asus-b1f5fc07" start="1688831895706" dump="1688831898476"/><sessioninfo id="asus-536aba9d" start="1688831997296" dump="1688832000223"/><sessioninfo id="asus-16bfe8e6" start="1688832111865" dump="1688832114908"/><sessioninfo id="asus-2f9f963" start="1688832249272" dump="1688832252350"/><sessioninfo id="asus-d770db16" start="1688833358244" dump="1688833361260"/><sessioninfo id="asus-582156c" start="1688833552623" dump="1688833555707"/><sessioninfo id="asus-5c6a9076" start="1688833620661" dump="1688833623754"/><sessioninfo id="asus-63c83bcf" start="1688833690833" dump="1688833693904"/><sessioninfo id="asus-c7519f67" start="1688833765646" dump="1688833768550"/><sessioninfo id="asus-ce68dbf" start="1688833825051" dump="1688833828012"/><sessioninfo id="asus-9ce8dc95" start="1688833886507" dump="1688833889538"/><sessioninfo id="asus-d3bd5597" start="1688833922536" dump="1688833925424"/><sessioninfo id="asus-1f9e4b0" start="1688834041067" dump="1688834044078"/><sessioninfo id="asus-344dbe88" start="1688834122885" dump="1688834125760"/><sessioninfo id="asus-cc4a064c" start="1688834555347" dump="1688834558422"/><sessioninfo id="asus-46f16278" start="1688834666650" dump="1688834669657"/><sessioninfo id="asus-2e51deac" start="1688835098617" dump="1688835101640"/><sessioninfo id="asus-819d067d" start="1688835280761" dump="1688835283735"/><sessioninfo id="asus-72c89014" start="1688835337753" dump="1688835340575"/><sessioninfo id="asus-29f0897a" start="1688835537389" dump="1688835540273"/><sessioninfo id="asus-27f5e5a2" start="1688835654362" dump="1688835657449"/><sessioninfo id="asus-a0f2e12" start="1688835860663" dump="1688835863530"/><sessioninfo id="asus-4062d9a6" start="1688836089106" dump="1688836091998"/><sessioninfo id="asus-ec54144a" start="1688836326394" dump="1688836329520"/><sessioninfo id="asus-53334f0e" start="1688836432507" dump="1688836435498"/><sessioninfo id="asus-6eab26a3" start="1688836542817" dump="1688836545721"/><sessioninfo id="asus-40f9f61e" start="1688836715004" dump="1688836718029"/><sessioninfo id="asus-882030b2" start="1688837039338" dump="1688837042052"/><sessioninfo id="asus-166c5e01" start="1688837746515" dump="1688837749568"/><sessioninfo id="asus-e5d11e44" start="1688838055022" dump="1688838057719"/><sessioninfo id="asus-5c75571d" start="1688838785129" dump="1688838788209"/><sessioninfo id="asus-beababe8" start="1688838964366" dump="1688838967391"/><sessioninfo id="asus-e66a7116" start="1688839025376" dump="1688839028329"/><sessioninfo id="asus-b1b11b78" start="1688839193703" dump="1688839196692"/><sessioninfo id="asus-679e97e9" start="1688839243813" dump="1688839246852"/><sessioninfo id="asus-aa0a51c" start="1688839298733" dump="1688839301909"/><sessioninfo id="asus-5e0734e7" start="1688839319337" dump="1688839322095"/><sessioninfo id="asus-60018a7d" start="1688839359783" dump="1688839362753"/><sessioninfo id="asus-67140eb8" start="1688839458258" dump="1688839461203"/><sessioninfo id="asus-4a6f8588" start="1688839596775" dump="1688839599738"/><sessioninfo id="asus-3770d2b2" start="1688839671421" dump="1688839674391"/><sessioninfo id="asus-bb49f99f" start="1688839719803" dump="1688839722644"/><sessioninfo id="asus-6d7efeba" start="1688839754448" dump="1688839757330"/><sessioninfo id="asus-cd1f5e28" start="1688839799497" dump="1688839802392"/><sessioninfo id="asus-b318d874" start="1688839874178" dump="1688839877131"/><sessioninfo id="asus-5e40ecb8" start="1688839992957" dump="1688839996024"/><sessioninfo id="asus-2cab8514" start="1688840054970" dump="1688840057910"/><sessioninfo id="asus-846910f7" start="1688840084939" dump="1688840087722"/><sessioninfo id="asus-45967ced" start="1688840141545" dump="1688840144437"/><sessioninfo id="asus-a075aff1" start="1688841987854" dump="1688841990704"/><sessioninfo id="asus-295f5c09" start="1688844887422" dump="1688844890756"/><sessioninfo id="asus-52d6ceca" start="1688893191194" dump="1688893194153"/><sessioninfo id="asus-5d5db62" start="1688893371521" dump="1688893375261"/><sessioninfo id="asus-ee9f31c2" start="1688893447344" dump="1688893450594"/><sessioninfo id="asus-7ad7fe41" start="1688893469147" dump="1688893472591"/><sessioninfo id="asus-72db4024" start="1688893885748" dump="1688893889377"/><sessioninfo id="asus-dbffb4bb" start="1688893925539" dump="1688893928895"/><sessioninfo id="asus-64aac70e" start="1688894249524" dump="1688894253408"/><sessioninfo id="asus-cd793784" start="1688894287962" dump="1688894291590"/><sessioninfo id="asus-40b59b11" start="1688894357343" dump="1688894361038"/><sessioninfo id="asus-5c2a3a64" start="1688894391834" dump="1688894395704"/><sessioninfo id="asus-9256ef80" start="1688902492057" dump="1688902495067"/><sessioninfo id="asus-51d86a02" start="1688982906128" dump="1688982909167"/><sessioninfo id="asus-f64eea4f" start="1688983891215" dump="1688983894338"/><sessioninfo id="asus-80060617" start="1688985621000" dump="1688985623996"/><sessioninfo id="asus-c7a2c4b7" start="1688985849888" dump="1688985853031"/><sessioninfo id="asus-de5827be" start="1688985959010" dump="1688985962023"/><sessioninfo id="asus-2cc8dac1" start="1688986076414" dump="1688986079517"/><sessioninfo id="asus-2378b111" start="1688994546427" dump="1688994549655"/><sessioninfo id="asus-7ca04634" start="1688994605132" dump="1688994608315"/><sessioninfo id="asus-e78275d8" start="1688994916342" dump="1688994919578"/><sessioninfo id="asus-fd656c3b" start="1688994966004" dump="1688994969004"/><sessioninfo id="asus-ea16a358" start="1688995127065" dump="1688995130238"/><sessioninfo id="asus-84a4cfeb" start="1688995265895" dump="1688995269049"/><sessioninfo id="asus-a242dc59" start="1688995388739" dump="1688995391837"/><sessioninfo id="asus-ba22559" start="1688995564517" dump="1688995567555"/><sessioninfo id="asus-6ad67780" start="1688996104868" dump="1688996108126"/><sessioninfo id="asus-f5e69f3e" start="1688996175241" dump="1688996178086"/><sessioninfo id="asus-6cc85356" start="1688996248741" dump="1688996251901"/><sessioninfo id="asus-f00b0176" start="1688996315963" dump="1688996318823"/><sessioninfo id="asus-711582f0" start="1688996470698" dump="1688996473647"/><sessioninfo id="asus-f7d264bc" start="1688996529276" dump="1688996532443"/><sessioninfo id="asus-6bb88815" start="1688996677406" dump="1688996680502"/><sessioninfo id="asus-f03d973d" start="1688996822215" dump="1688996825359"/><sessioninfo id="asus-f2c7d71d" start="1688997219107" dump="1688997222070"/><sessioninfo id="asus-bacd8543" start="1688997377421" dump="1688997380643"/><sessioninfo id="asus-4f839100" start="1688997461215" dump="1688997464199"/><sessioninfo id="asus-483aa856" start="1688997544559" dump="1688997547641"/><sessioninfo id="asus-a4b57771" start="1688997692006" dump="1688997695023"/><sessioninfo id="asus-df069418" start="1688998281677" dump="1688998284877"/><sessioninfo id="asus-90699e42" start="1688998505117" dump="1688998508256"/><sessioninfo id="asus-be8c7fad" start="1688998576118" dump="1688998579110"/><sessioninfo id="asus-af8f43e" start="1688998722782" dump="1688998725826"/><sessioninfo id="asus-44ccabd2" start="1688998961616" dump="1688998964805"/><sessioninfo id="asus-fbf37c63" start="1688999045028" dump="1688999048037"/><sessioninfo id="asus-bf347594" start="1689000043713" dump="1689000046835"/><sessioninfo id="asus-b3b0aa25" start="1689000111166" dump="1689000114093"/><sessioninfo id="asus-3bab0d32" start="1689000161471" dump="1689000164426"/><sessioninfo id="asus-b24661be" start="1689000321807" dump="1689000324669"/><sessioninfo id="asus-818c9c23" start="1689000490092" dump="1689000493103"/><sessioninfo id="asus-8e5ffaf7" start="1689000740078" dump="1689000743162"/><sessioninfo id="asus-7f5b8b51" start="1689000792119" dump="1689000795298"/><sessioninfo id="asus-3c414865" start="1689000842730" dump="1689000845777"/><sessioninfo id="asus-54630c39" start="1689000995112" dump="1689000998251"/><sessioninfo id="asus-2c5bf97d" start="1689001186010" dump="1689001189253"/><sessioninfo id="asus-78e92b91" start="1689002756743" dump="1689002759831"/><sessioninfo id="asus-6e2ff8e0" start="1689002819202" dump="1689002822098"/><sessioninfo id="asus-84b832fd" start="1689003004424" dump="1689003007422"/><sessioninfo id="asus-fb861ce5" start="1689003096731" dump="1689003099875"/><sessioninfo id="asus-662001ff" start="1689003515403" dump="1689003518490"/><sessioninfo id="asus-e8558a3c" start="1689003586322" dump="1689003589462"/><sessioninfo id="asus-892cedc7" start="1689003664905" dump="1689003667991"/><sessioninfo id="asus-ac83a266" start="1689003769258" dump="1689003772324"/><sessioninfo id="asus-4beb81a3" start="1689003833214" dump="1689003836314"/><sessioninfo id="asus-b8580752" start="1689003951533" dump="1689003954734"/><sessioninfo id="asus-ea2ef538" start="1689004087047" dump="1689004090145"/><sessioninfo id="asus-f2e7a457" start="1689004191416" dump="1689004194676"/><sessioninfo id="asus-21accecb" start="1689004308393" dump="1689004311592"/><sessioninfo id="asus-d126991e" start="1689004471296" dump="1689004474127"/><sessioninfo id="asus-255f120a" start="1689004796095" dump="1689004799225"/><sessioninfo id="asus-4c36a882" start="1689004880536" dump="1689004883576"/><sessioninfo id="asus-5078703a" start="1689004994832" dump="1689004997899"/><sessioninfo id="asus-5fc69764" start="1689005339275" dump="1689005342500"/><sessioninfo id="asus-a55ac0a6" start="1689005431617" dump="1689005434745"/><sessioninfo id="asus-7e6a463d" start="1689005972868" dump="1689005976194"/><sessioninfo id="asus-6bb1ff07" start="1689006034312" dump="1689006037428"/><sessioninfo id="asus-8d27d498" start="1689006154188" dump="1689006157356"/><sessioninfo id="asus-2ef02a7" start="1689006292621" dump="1689006295478"/><sessioninfo id="asus-3a59654a" start="1689006361610" dump="1689006364641"/><sessioninfo id="asus-e106d39a" start="1689006602210" dump="1689006605120"/><sessioninfo id="asus-52766d33" start="1689006697273" dump="1689006700234"/><sessioninfo id="asus-538f72ce" start="1689006767923" dump="1689006770928"/><sessioninfo id="asus-1aa9461f" start="1689006862708" dump="1689006865763"/><sessioninfo id="asus-b99c22d7" start="1689006925137" dump="1689006928183"/><sessioninfo id="asus-b2d2c871" start="1689007002437" dump="1689007005455"/><sessioninfo id="asus-9adcf2b1" start="1689008007643" dump="1689008010780"/><sessioninfo id="asus-7ae9b08c" start="1689011168154" dump="1689011171086"/><sessioninfo id="asus-97501601" start="1689011392003" dump="1689011395206"/><sessioninfo id="asus-cee22bae" start="1689011459642" dump="1689011462668"/><sessioninfo id="asus-f5ae13ec" start="1689011560552" dump="1689011563673"/><sessioninfo id="asus-bb46e159" start="1689011797268" dump="1689011800339"/><sessioninfo id="asus-16166a48" start="1689011839406" dump="1689011842343"/><sessioninfo id="asus-493dd3a3" start="1689011937096" dump="1689011940158"/><sessioninfo id="asus-b1e261be" start="1689066785904" dump="1689066788779"/><sessioninfo id="asus-ecfd7680" start="1689066970159" dump="1689066973049"/><sessioninfo id="asus-88e9bd4e" start="1689067054727" dump="1689067057627"/><sessioninfo id="asus-c3aae67a" start="1689067395827" dump="1689067398885"/><sessioninfo id="asus-90b18857" start="1689074536635" dump="1689074539648"/><sessioninfo id="asus-b1413031" start="1689076933922" dump="1689076936989"/><sessioninfo id="asus-d3f7ebab" start="1689077791224" dump="1689077794161"/><sessioninfo id="asus-6ae0803f" start="1689145195491" dump="1689145198387"/><sessioninfo id="asus-f65780b2" start="1689146058003" dump="1689146061026"/><sessioninfo id="asus-20a57f3d" start="1689161897557" dump="1689161898794"/><sessioninfo id="asus-ef7b2bd4" start="1689161957256" dump="1689161960209"/><sessioninfo id="asus-8153a24" start="1689162270284" dump="1689162273389"/><sessioninfo id="asus-b374f0c3" start="1689162580239" dump="1689162583319"/><sessioninfo id="asus-c8daa7dc" start="1689162730237" dump="1689162733319"/><sessioninfo id="asus-957be628" start="1689162778168" dump="1689162781237"/><sessioninfo id="asus-83d04ed8" start="1689162862795" dump="1689162865880"/><sessioninfo id="asus-ac975899" start="1689162956650" dump="1689162959727"/><sessioninfo id="asus-53d52545" start="1689163132445" dump="1689163135298"/><sessioninfo id="asus-2b79dcfb" start="1689163195208" dump="1689163198369"/><sessioninfo id="asus-bc52a81a" start="1689166651272" dump="1689166654256"/><sessioninfo id="asus-e1b1d1e9" start="1689167391812" dump="1689167394898"/><sessioninfo id="asus-98d7781d" start="1689167572706" dump="1689167575650"/><sessioninfo id="asus-31e51b16" start="1689167662665" dump="1689167665546"/><sessioninfo id="asus-efebd2c" start="1689167761477" dump="1689167764464"/><sessioninfo id="asus-ca36c901" start="1689167836629" dump="1689167839700"/><sessioninfo id="asus-9379abba" start="1689168494045" dump="1689168496921"/><sessioninfo id="asus-7fbbf2ae" start="1689169018181" dump="1689169021378"/><sessioninfo id="asus-6024bd5f" start="1689169369043" dump="1689169372157"/><sessioninfo id="asus-f68521ad" start="1689169489156" dump="1689169492158"/><sessioninfo id="asus-57736195" start="1689169559027" dump="1689169562067"/><sessioninfo id="asus-ebb84598" start="1689169623685" dump="1689169626993"/><sessioninfo id="asus-ed0a1d3c" start="1689169840326" dump="1689169843514"/><sessioninfo id="asus-a158f6bc" start="1689169943084" dump="1689169946279"/><sessioninfo id="asus-a117621d" start="1689170047965" dump="1689170051140"/><sessioninfo id="asus-936ebe3b" start="1689170170129" dump="1689170173171"/><sessioninfo id="asus-229eb8a2" start="1689170220166" dump="1689170223353"/><sessioninfo id="asus-5c704bf6" start="1689170349769" dump="1689170352912"/><sessioninfo id="asus-6dd05ffe" start="1689170416666" dump="1689170420036"/><sessioninfo id="asus-b0c1fd6c" start="1689170456422" dump="1689170459522"/><sessioninfo id="asus-4dff682f" start="1689170660736" dump="1689170663949"/><sessioninfo id="asus-4ab3767d" start="1689170768700" dump="1689170772007"/><sessioninfo id="asus-741e454b" start="1689171400387" dump="1689171403457"/><sessioninfo id="asus-1ed937c8" start="1689171603467" dump="1689171606514"/><sessioninfo id="asus-4af8cbb4" start="1689171714978" dump="1689171718133"/><sessioninfo id="asus-8be01013" start="1689171802938" dump="1689171805933"/><sessioninfo id="asus-a7fd8c05" start="1689171990621" dump="1689171993769"/><sessioninfo id="asus-bb7fa9ed" start="1689172312255" dump="1689172315214"/><sessioninfo id="asus-db055fe8" start="1689172711642" dump="1689172714780"/><sessioninfo id="asus-6962c1db" start="1689172799117" dump="1689172802029"/><sessioninfo id="asus-b97f45d3" start="1689172892309" dump="1689172895293"/><sessioninfo id="asus-4f496ed8" start="1689173059035" dump="1689173062112"/><sessioninfo id="asus-6f02af9b" start="1689173399673" dump="1689173402770"/><sessioninfo id="asus-83190290" start="1689173483996" dump="1689173486876"/><sessioninfo id="asus-c58843ee" start="1689173587479" dump="1689173590498"/><sessioninfo id="asus-f3edb749" start="1689173768303" dump="1689173771385"/><sessioninfo id="asus-7073f56" start="1689173935474" dump="1689173938439"/><sessioninfo id="asus-fc66760b" start="1689174038551" dump="1689174041697"/><sessioninfo id="asus-e2ac9043" start="1689174099819" dump="1689174102917"/><sessioninfo id="asus-f75acb92" start="1689174221073" dump="1689174224333"/><sessioninfo id="asus-952f1ff" start="1689174256333" dump="1689174259520"/><sessioninfo id="asus-9597fc6f" start="1689174325659" dump="1689174328753"/><sessioninfo id="asus-f93207f8" start="1689174522340" dump="1689174525447"/><sessioninfo id="asus-34b62785" start="1689174609573" dump="1689174612776"/><sessioninfo id="asus-9e137876" start="1689174690454" dump="1689174693497"/><sessioninfo id="asus-74545712" start="1689174729702" dump="1689174732879"/><sessioninfo id="asus-2a3fa920" start="1689175091849" dump="1689175094982"/><sessioninfo id="asus-e4f7c6f1" start="1689175243015" dump="1689175246030"/><sessioninfo id="asus-c7d337a2" start="1689175305171" dump="1689175307966"/><sessioninfo id="asus-5d4fdfff" start="1689175509450" dump="1689175512303"/><sessioninfo id="asus-f1917eb8" start="1689175632675" dump="1689175635530"/><sessioninfo id="asus-b51aff0c" start="1689175758017" dump="1689175761068"/><sessioninfo id="asus-cfc863b3" start="1689175954497" dump="1689175957449"/><sessioninfo id="asus-a44fa7f6" start="1689176290564" dump="1689176293501"/><sessioninfo id="asus-17a73410" start="1689178193582" dump="1689178196495"/><sessioninfo id="asus-2f714d7" start="1689178251384" dump="1689178254369"/><sessioninfo id="asus-d04b31d1" start="1689178397807" dump="1689178400716"/><sessioninfo id="asus-3eb48145" start="1689178502638" dump="1689178505527"/><sessioninfo id="asus-809aed0f" start="1689178616382" dump="1689178619229"/><sessioninfo id="asus-7e73edf9" start="1689178724451" dump="1689178727329"/><sessioninfo id="asus-d4c333c9" start="1689178822251" dump="1689178825057"/><sessioninfo id="asus-5cc72b45" start="1689178952320" dump="1689178955127"/><sessioninfo id="asus-52b4fe4b" start="1689179207411" dump="1689179210160"/><sessioninfo id="asus-33a6f968" start="1689179325003" dump="1689179327843"/><sessioninfo id="asus-6fa24a7e" start="1689179432228" dump="1689179435185"/><sessioninfo id="asus-2c521e79" start="1689179617762" dump="1689179620797"/><sessioninfo id="asus-4f23804a" start="1689179716653" dump="1689179719560"/><sessioninfo id="asus-d0d3383d" start="1689181025287" dump="1689181028224"/><sessioninfo id="asus-d88c125a" start="1689181074286" dump="1689181077154"/><sessioninfo id="asus-55090a13" start="1689181184288" dump="1689181187213"/><sessioninfo id="asus-2afda4a1" start="1689181419297" dump="1689181422116"/><sessioninfo id="asus-c2690ec2" start="1689181500777" dump="1689181503496"/><sessioninfo id="asus-c396670e" start="1689181595937" dump="1689181598895"/><sessioninfo id="asus-934ff3db" start="1689181636001" dump="1689181638916"/><sessioninfo id="asus-4fb4ddd" start="1689182255240" dump="1689182258088"/><sessioninfo id="asus-fbefee26" start="1689182410325" dump="1689182413224"/><sessioninfo id="asus-61d4c8c5" start="1689182441532" dump="1689182444498"/><sessioninfo id="asus-fb6af380" start="1689182514737" dump="1689182517635"/><sessioninfo id="asus-c05715ea" start="1689182605183" dump="1689182608051"/><sessioninfo id="asus-763775a7" start="1689182638138" dump="1689182641035"/><sessioninfo id="asus-770d0e94" start="1689183010034" dump="1689183013185"/><sessioninfo id="asus-9fc23bc1" start="1689183145138" dump="1689183148063"/><sessioninfo id="asus-ae83d057" start="1689183205762" dump="1689183208499"/><sessioninfo id="asus-241cf419" start="1689183273606" dump="1689183276483"/><sessioninfo id="asus-cf86d4d9" start="1689183388248" dump="1689183391097"/><sessioninfo id="asus-a3316936" start="1689183532985" dump="1689183535894"/><sessioninfo id="asus-c7a312df" start="1689183669915" dump="1689183672987"/><sessioninfo id="asus-ebec1182" start="1689183726643" dump="1689183729465"/><sessioninfo id="asus-a6e8a23c" start="1689184227999" dump="1689184230767"/><sessioninfo id="asus-494ad8f3" start="1689184480197" dump="1689184483054"/><sessioninfo id="asus-ce799837" start="1689184987621" dump="1689184990588"/><sessioninfo id="asus-391f4b08" start="1689185131962" dump="1689185134701"/><sessioninfo id="asus-89f7f48f" start="1689186359995" dump="1689186362976"/><sessioninfo id="asus-2840baea" start="1689186814236" dump="1689186817229"/><sessioninfo id="asus-d3ec6c9d" start="1689189012846" dump="1689189016194"/><sessioninfo id="asus-7bed6e42" start="1689189220003" dump="1689189223724"/><sessioninfo id="asus-59036616" start="1689189295513" dump="1689189299234"/><sessioninfo id="asus-6eab1ba7" start="1689189382856" dump="1689189386289"/><sessioninfo id="asus-9a25d75d" start="1689189531110" dump="1689189534256"/><sessioninfo id="asus-9bc55c47" start="1689189583407" dump="1689189586597"/><sessioninfo id="asus-9d9abff3" start="1689190281162" dump="1689190284687"/><sessioninfo id="asus-8bb803eb" start="1689190920284" dump="1689190923901"/><sessioninfo id="asus-eb25acdf" start="1689191040133" dump="1689191044040"/><sessioninfo id="asus-aeb95393" start="1689191207364" dump="1689191211183"/><sessioninfo id="asus-cc1bbff5" start="1689191249698" dump="1689191252934"/><sessioninfo id="asus-eacb2836" start="1689191304435" dump="1689191308349"/><sessioninfo id="asus-c7005bf" start="1689191483543" dump="1689191486959"/><sessioninfo id="asus-f97693bb" start="1689191557950" dump="1689191561708"/><sessioninfo id="asus-3fd4c9b5" start="1689191609106" dump="1689191612985"/><sessioninfo id="asus-3d49c872" start="1689191746220" dump="1689191749817"/><sessioninfo id="asus-40378bc2" start="1689191829938" dump="1689191833533"/><sessioninfo id="asus-be640aba" start="1689192012751" dump="1689192016556"/><sessioninfo id="asus-5765c84f" start="1689192101440" dump="1689192105240"/><sessioninfo id="asus-6e8d314a" start="1689192541615" dump="1689192545219"/><sessioninfo id="asus-356e2ded" start="1689193093688" dump="1689193097305"/><sessioninfo id="asus-d02df0a2" start="1689193153770" dump="1689193157298"/><sessioninfo id="asus-168cc6ff" start="1689193244487" dump="1689193248230"/><sessioninfo id="asus-a232d320" start="1689193376372" dump="1689193380063"/><sessioninfo id="asus-97a9327f" start="1689193671487" dump="1689193675194"/><sessioninfo id="asus-4adc603" start="1689193827622" dump="1689193830981"/><sessioninfo id="asus-c673bcde" start="1689193931537" dump="1689193935304"/><sessioninfo id="asus-bbb86f5e" start="1689194086719" dump="1689194090268"/><sessioninfo id="asus-9496ed3e" start="1689194123740" dump="1689194127331"/><sessioninfo id="asus-8eb01a5e" start="1689196583328" dump="1689196586346"/><sessioninfo id="asus-e2b231f" start="1689197166964" dump="1689197170729"/><sessioninfo id="asus-d58e5f16" start="1689197547057" dump="1689197550768"/><sessioninfo id="asus-9711a1ad" start="1689235165602" dump="1689235168598"/><sessioninfo id="asus-1fe97f15" start="1689255446213" dump="1689255449376"/><sessioninfo id="asus-af7b0cb8" start="1689255654288" dump="1689255657907"/><sessioninfo id="asus-6bc87840" start="1689256237156" dump="1689256240912"/><sessioninfo id="asus-dd314e4b" start="1689257029801" dump="1689257033669"/><sessioninfo id="asus-cb2bb63a" start="1689257100235" dump="1689257104008"/><sessioninfo id="asus-42565200" start="1689257134896" dump="1689257138375"/><sessioninfo id="asus-b2b1dc36" start="1689259444314" dump="1689259447180"/><sessioninfo id="asus-21225f97" start="1689259847328" dump="1689259850209"/><sessioninfo id="asus-b0a35f66" start="1689259907956" dump="1689259910863"/><sessioninfo id="asus-93018548" start="1689259971106" dump="1689259973931"/><sessioninfo id="asus-9a222dc2" start="1689259998430" dump="1689260001374"/><sessioninfo id="asus-89d339aa" start="1689260172031" dump="1689260174934"/><sessioninfo id="asus-a3782f00" start="1689260343248" dump="1689260346089"/><sessioninfo id="asus-5e5e46b9" start="1689269185192" dump="1689269188587"/><sessioninfo id="asus-63dde561" start="1689271724417" dump="1689271727448"/><sessioninfo id="asus-7e2533f9" start="1689319678322" dump="1689319681504"/><sessioninfo id="asus-73ed50f5" start="1689319734659" dump="1689319737606"/><sessioninfo id="asus-1bfb2ba9" start="1689320616351" dump="1689320619359"/><sessioninfo id="asus-865eac97" start="1689320746259" dump="1689320749091"/><sessioninfo id="asus-cbe39035" start="1689320796562" dump="1689320799458"/><sessioninfo id="asus-9a87fcff" start="1689322417357" dump="1689322420236"/><sessioninfo id="asus-a01c276e" start="1689323801315" dump="1689323804187"/><sessioninfo id="asus-21609462" start="1689323890404" dump="1689323893339"/><sessioninfo id="asus-354cedab" start="1689324291383" dump="1689324294278"/><sessioninfo id="asus-92bc2477" start="1689324624157" dump="1689324627181"/><sessioninfo id="asus-990b8186" start="1689324774512" dump="1689324777350"/><sessioninfo id="asus-a218fd0a" start="1689325835460" dump="1689325838317"/><sessioninfo id="asus-6165eebd" start="1689325959370" dump="1689325962130"/><sessioninfo id="asus-1450f3cc" start="1689326038376" dump="1689326041211"/><sessioninfo id="asus-8a043f8f" start="1689326174688" dump="1689326177540"/><sessioninfo id="asus-eaa842a1" start="1689326319160" dump="1689326322158"/><sessioninfo id="asus-89c7af54" start="1689326440297" dump="1689326443212"/><sessioninfo id="asus-21dba893" start="1689326474561" dump="1689326477513"/><sessioninfo id="asus-34ca952d" start="1689326721247" dump="1689326724270"/><sessioninfo id="asus-25b991f" start="1689326734070" dump="1689326737044"/><sessioninfo id="asus-506a1f65" start="1689326751098" dump="1689326754066"/><sessioninfo id="asus-3ba878a9" start="1689326826487" dump="1689326829387"/><sessioninfo id="asus-954f843b" start="1689326947144" dump="1689326950052"/><sessioninfo id="asus-6a5e92ad" start="1689326995353" dump="1689326998353"/><sessioninfo id="asus-c0e52579" start="1689328517161" dump="1689328520178"/><sessioninfo id="asus-71c1da52" start="1689328691718" dump="1689328694581"/><sessioninfo id="asus-de96a084" start="1689328746112" dump="1689328749083"/><sessioninfo id="asus-e1edd39b" start="1689328800776" dump="1689328803880"/><sessioninfo id="asus-ec0fd4a8" start="1689328858489" dump="1689328861326"/><sessioninfo id="asus-1beb33ca" start="1689328949142" dump="1689328951929"/><sessioninfo id="asus-f139e620" start="1689328999545" dump="1689329002454"/><sessioninfo id="asus-47322f86" start="1689329071330" dump="1689329074093"/><sessioninfo id="asus-401646ff" start="1689329137452" dump="1689329140402"/><sessioninfo id="asus-2988d848" start="1689329258355" dump="1689329261181"/><sessioninfo id="asus-2fbc0bb5" start="1689329602823" dump="1689329605853"/><sessioninfo id="asus-f881cd1c" start="1689330118864" dump="1689330121711"/><sessioninfo id="asus-e9c69dcf" start="1689330852037" dump="1689330854935"/><sessioninfo id="asus-3276cb53" start="1689331031927" dump="1689331034930"/><sessioninfo id="asus-176ead1b" start="1689331102029" dump="1689331104996"/><sessioninfo id="asus-2e5f3a9b" start="1689331153051" dump="1689331156013"/><sessioninfo id="asus-e0190fdb" start="1689331206973" dump="1689331209946"/><sessioninfo id="asus-41cdcfde" start="1689331254830" dump="1689331257705"/><sessioninfo id="asus-63f16150" start="1689331501247" dump="1689331504109"/><sessioninfo id="asus-4b368cda" start="1689331805433" dump="1689331808426"/><sessioninfo id="asus-b1fea62a" start="1689332627678" dump="1689332630655"/><sessioninfo id="asus-3962031b" start="1689332847231" dump="1689332850323"/><sessioninfo id="asus-639b0004" start="1689332927542" dump="1689332930471"/><sessioninfo id="asus-36d69568" start="1689332973119" dump="1689332975969"/><sessioninfo id="asus-d7af0fe0" start="1689333005198" dump="1689333008066"/><sessioninfo id="asus-3543b264" start="1689333081976" dump="1689333084915"/><sessioninfo id="asus-ba6de2d" start="1689335267239" dump="1689335271040"/><sessioninfo id="asus-5223b87a" start="1689335367668" dump="1689335369581"/><sessioninfo id="asus-9d34859d" start="1689335474757" dump="1689335476513"/><sessioninfo id="asus-29cca044" start="1689335721819" dump="1689335723475"/><sessioninfo id="asus-1d18d83e" start="1689335786072" dump="1689335787853"/><sessioninfo id="asus-9464a99e" start="1689336378884" dump="1689336380297"/><sessioninfo id="asus-1cd03379" start="1689336580676" dump="1689336584415"/><sessioninfo id="asus-55cc9b1e" start="1689336642530" dump="1689336646212"/><sessioninfo id="asus-2b4a32f0" start="1689336830894" dump="1689336834432"/><sessioninfo id="asus-c5d7e2cd" start="1689336974061" dump="1689336977704"/><sessioninfo id="asus-2b255d7c" start="1689337017589" dump="1689337021646"/><sessioninfo id="asus-f463528" start="1689337248125" dump="1689337251863"/><sessioninfo id="asus-bc379f68" start="1689337544016" dump="1689337547503"/><sessioninfo id="asus-9f507ba0" start="1689339146252" dump="1689339149888"/><sessioninfo id="asus-7eb742ed" start="1689339578483" dump="1689339582204"/><sessioninfo id="asus-ed41e7e4" start="1689339707647" dump="1689339711458"/><sessioninfo id="asus-8b8d4220" start="1689339769409" dump="1689339773078"/><sessioninfo id="asus-84e3e53e" start="1689339889626" dump="1689339893334"/><sessioninfo id="asus-b95a8deb" start="1689339937847" dump="1689339941664"/><sessioninfo id="asus-67da6d8b" start="1689340022736" dump="1689340026377"/><sessioninfo id="asus-9dc2e8cc" start="1689340213020" dump="1689340216550"/><sessioninfo id="asus-b834119" start="1689340336839" dump="1689340340561"/><sessioninfo id="asus-bed51f12" start="1689340500689" dump="1689340504406"/><sessioninfo id="asus-39a5277f" start="1689340539685" dump="1689340543244"/><sessioninfo id="asus-eaa6fb18" start="1689340575500" dump="1689340578925"/><sessioninfo id="asus-9931a16f" start="1689340624959" dump="1689340628693"/><sessioninfo id="asus-1dd49e4e" start="1689340731317" dump="1689340734992"/><sessioninfo id="asus-c04779d1" start="1689340779714" dump="1689340783337"/><sessioninfo id="asus-b056c396" start="1689341508263" dump="1689341512178"/><sessioninfo id="asus-9f86aba3" start="1689342140348" dump="1689342144016"/><sessioninfo id="asus-e8b5b7e" start="1689342244779" dump="1689342248484"/><sessioninfo id="asus-b33170ea" start="1689342319907" dump="1689342324006"/><sessioninfo id="asus-90e369d9" start="1689342401843" dump="1689342405608"/><sessioninfo id="asus-3ebd2493" start="1689342490517" dump="1689342494165"/><sessioninfo id="asus-3d14e3f2" start="1689342589299" dump="1689342592796"/><sessioninfo id="asus-d0db351c" start="1689342673043" dump="1689342676676"/><sessioninfo id="asus-c22a53eb" start="1689342801052" dump="1689342804572"/><sessioninfo id="asus-a53bda3d" start="1689342915770" dump="1689342919620"/><sessioninfo id="asus-9ae8fb07" start="1689343471921" dump="1689343475674"/><sessioninfo id="asus-7c835f4b" start="1689343582857" dump="1689343586474"/><sessioninfo id="asus-9a589d3d" start="1689343671905" dump="1689343675593"/><sessioninfo id="asus-9baca9b5" start="1689343742169" dump="1689343745889"/><sessioninfo id="asus-42905b48" start="1689344189597" dump="1689344193179"/><sessioninfo id="asus-3fe6fcf1" start="1689344233451" dump="1689344237338"/><sessioninfo id="asus-36b7172a" start="1689344303485" dump="1689344307139"/><sessioninfo id="asus-ee05c4e3" start="1689344402459" dump="1689344406115"/><sessioninfo id="asus-e117ea62" start="1689344485719" dump="1689344491205"/><sessioninfo id="asus-174645f3" start="1689344790388" dump="1689344795673"/><sessioninfo id="asus-9a454b57" start="1689344909511" dump="1689344914867"/><sessioninfo id="asus-a3c3ffa9" start="1689345050345" dump="1689345055444"/><sessioninfo id="asus-ba9eabfa" start="1689345142968" dump="1689345148370"/><sessioninfo id="asus-c477d738" start="1689345233977" dump="1689345239464"/><sessioninfo id="asus-c0402d10" start="1689345310643" dump="1689345316084"/><sessioninfo id="asus-35031acf" start="1689345488898" dump="1689345494218"/><sessioninfo id="asus-680cf1e0" start="1689345566721" dump="1689345572083"/><sessioninfo id="asus-bb47093f" start="1689345681477" dump="1689345687064"/><sessioninfo id="asus-bbbced2f" start="1689345825182" dump="1689345830104"/><sessioninfo id="asus-8503ad25" start="1689346057846" dump="1689346062948"/><sessioninfo id="asus-624bdaa4" start="1689346397130" dump="1689346400276"/><sessioninfo id="asus-7718bda6" start="1689346449727" dump="1689346452675"/><sessioninfo id="asus-6b8ce24d" start="1689346662946" dump="1689346665940"/><sessioninfo id="asus-78b706d7" start="1689347121812" dump="1689347124747"/><sessioninfo id="asus-290489e6" start="1689347246923" dump="1689347249860"/><sessioninfo id="asus-d9e773ee" start="1689347983438" dump="1689347986228"/><sessioninfo id="asus-782fa17" start="1689348033337" dump="1689348036348"/><sessioninfo id="asus-1e0af665" start="1689348083879" dump="1689348086834"/><sessioninfo id="asus-ef0bdad0" start="1689348218758" dump="1689348221580"/><sessioninfo id="asus-cbcddfd7" start="1689348283460" dump="1689348286458"/><sessioninfo id="asus-3457bd28" start="1689348383235" dump="1689348386052"/><sessioninfo id="asus-60c6f4ee" start="1689348450273" dump="1689348453216"/><sessioninfo id="asus-f2b61cc3" start="1689348505025" dump="1689348507814"/><sessioninfo id="asus-5640a6ce" start="1689348750746" dump="1689348753646"/><sessioninfo id="asus-ffa92fc3" start="1689348817809" dump="1689348820816"/><sessioninfo id="asus-c9488af5" start="1689348870013" dump="1689348872977"/><sessioninfo id="asus-b43fb83a" start="1689348963178" dump="1689348966109"/><sessioninfo id="asus-d85780ce" start="1689349062149" dump="1689349065156"/><sessioninfo id="asus-def9b767" start="1689349123793" dump="1689349126819"/><sessioninfo id="asus-d9eb728c" start="1689349172094" dump="1689349174960"/><sessioninfo id="asus-430802ea" start="1689349279335" dump="1689349280515"/><sessioninfo id="asus-930afa38" start="1689349409432" dump="1689349411175"/><sessioninfo id="asus-2585e2e" start="1689349574249" dump="1689349577154"/><sessioninfo id="asus-deaf5d5a" start="1689349667134" dump="1689349668285"/><sessioninfo id="asus-495edbeb" start="1689349784420" dump="1689349785585"/><sessioninfo id="asus-f4e1ac27" start="1689349851288" dump="1689349852472"/><sessioninfo id="asus-cf4cffad" start="1689349919579" dump="1689349922496"/><sessioninfo id="asus-22811d54" start="1689350021336" dump="1689350022523"/><sessioninfo id="asus-fcfba597" start="1689350082795" dump="1689350084640"/><sessioninfo id="asus-a9c69e34" start="1689350115462" dump="1689350117316"/><sessioninfo id="asus-b8a2498f" start="1689350243979" dump="1689350245073"/><sessioninfo id="asus-524deeea" start="1689350325150" dump="1689350326958"/><sessioninfo id="asus-13272418" start="1689350367177" dump="1689350369044"/><sessioninfo id="asus-8979e2bc" start="1689350431166" dump="1689350432345"/><sessioninfo id="asus-55677640" start="1689350561966" dump="1689350564997"/><sessioninfo id="asus-3b304da5" start="1689350881168" dump="1689350884100"/><sessioninfo id="asus-6879e0a5" start="1689351000664" dump="1689351003538"/><sessioninfo id="asus-2d0a27aa" start="1689351180555" dump="1689351183345"/><sessioninfo id="asus-c9b3706c" start="1689351454451" dump="1689351455615"/><sessioninfo id="asus-7cd5294f" start="1689351516146" dump="1689351517270"/><sessioninfo id="asus-2c9ce475" start="1689351608033" dump="1689351609200"/><sessioninfo id="asus-e039fe" start="1689351746251" dump="1689351747457"/><sessioninfo id="asus-9b6a8121" start="1689351784069" dump="1689351785224"/><sessioninfo id="asus-7a23ef6a" start="1689351846103" dump="1689351848922"/><sessioninfo id="asus-333f05f8" start="1689353074627" dump="1689353078369"/><sessioninfo id="asus-a2322c64" start="1689353810803" dump="1689353814142"/><sessioninfo id="asus-fa26cd7d" start="1689353923145" dump="1689353926734"/><sessioninfo id="asus-d6a93d7f" start="1689354099117" dump="1689354102550"/><sessioninfo id="asus-3e5c05a2" start="1689354303581" dump="1689354306995"/><sessioninfo id="asus-b325a48a" start="1689354351413" dump="1689354354678"/><sessioninfo id="asus-44d44d82" start="1689354403200" dump="1689354406214"/><sessioninfo id="asus-5363c930" start="1689354479548" dump="1689354483064"/><sessioninfo id="asus-92d8d477" start="1689354611333" dump="1689354614650"/><sessioninfo id="asus-6aa3a07f" start="1689354756086" dump="1689354759466"/><sessioninfo id="asus-fb03ee98" start="1689354834285" dump="1689354837507"/><sessioninfo id="asus-29f66ffd" start="1689354918303" dump="1689354921504"/><sessioninfo id="asus-f60bb7c6" start="1689355007163" dump="1689355008658"/><sessioninfo id="asus-26b668eb" start="1689355064139" dump="1689355065419"/><sessioninfo id="asus-b747e3d" start="1689355151927" dump="1689355155174"/><sessioninfo id="asus-918636f1" start="1689355249672" dump="1689355252625"/><sessioninfo id="asus-54755960" start="1689355359285" dump="1689355362629"/><sessioninfo id="asus-9b894f0" start="1689355406953" dump="1689355408286"/><sessioninfo id="asus-8e61f3bd" start="1689355561937" dump="1689355563207"/><sessioninfo id="asus-9657803c" start="1689355756887" dump="1689355758123"/><sessioninfo id="asus-1f13df47" start="1689355814231" dump="1689355817420"/><sessioninfo id="asus-47e7ba15" start="1689356843251" dump="1689356846789"/><sessioninfo id="asus-78593227" start="1689356897148" dump="1689356900829"/><sessioninfo id="asus-30ff1b46" start="1689404774416" dump="1689404777359"/><sessioninfo id="asus-81e12257" start="1689404916709" dump="1689404919683"/><sessioninfo id="asus-2c0a85a1" start="1689405018099" dump="1689405021174"/><sessioninfo id="asus-c8d919c3" start="1689405092916" dump="1689405095848"/><sessioninfo id="asus-a744bf7b" start="1689405324233" dump="1689405327099"/><sessioninfo id="asus-6e1c1734" start="1689405376226" dump="1689405379139"/><sessioninfo id="asus-175fe27" start="1689406221789" dump="1689406224805"/><sessioninfo id="asus-23816fe9" start="1689406275902" dump="1689406278737"/><sessioninfo id="asus-3293d437" start="1689406316690" dump="1689406319680"/><sessioninfo id="asus-5c31b30e" start="1689406644219" dump="1689406647161"/><sessioninfo id="asus-4d157ba" start="1689407730443" dump="1689407734159"/><sessioninfo id="asus-e6b4caf1" start="1689407804744" dump="1689407808746"/><sessioninfo id="asus-b37ade33" start="1689407943002" dump="1689407946748"/><sessioninfo id="asus-50c8ecb4" start="1689408096862" dump="1689408099453"/><sessioninfo id="asus-ed43ed0e" start="1689408346367" dump="1689408348114"/><sessioninfo id="asus-31447127" start="1689408428744" dump="1689408432382"/><sessioninfo id="asus-9062ff74" start="1689408493993" dump="1689408497682"/><sessioninfo id="asus-a05ccb09" start="1689408522349" dump="1689408526239"/><sessioninfo id="asus-8ace287f" start="1689408569660" dump="1689408573343"/><sessioninfo id="asus-eb8d89ad" start="1689408617124" dump="1689408620818"/><sessioninfo id="asus-adef79a9" start="1689408785302" dump="1689408788961"/><sessioninfo id="asus-1f4f22be" start="1689408994575" dump="1689408998385"/><sessioninfo id="asus-d8f1b324" start="1689409034599" dump="1689409038228"/><sessioninfo id="asus-abe32c21" start="1689409229193" dump="1689409232910"/><sessioninfo id="asus-6a2021fe" start="1689409295334" dump="1689409298952"/><sessioninfo id="asus-949b9211" start="1689409373692" dump="1689409375568"/><sessioninfo id="asus-6fc96ba9" start="1689409460341" dump="1689409464024"/><sessioninfo id="asus-37b8103b" start="1689409529701" dump="1689409533570"/><sessioninfo id="asus-6ff256d0" start="1689409597689" dump="1689409601253"/><sessioninfo id="asus-c9523707" start="1689410096386" dump="1689410100162"/><sessioninfo id="asus-651f2ccb" start="1689410297439" dump="1689410299914"/><sessioninfo id="asus-ec6cf904" start="1689410344301" dump="1689410347794"/><sessioninfo id="asus-df92555e" start="1689410396306" dump="1689410400282"/><sessioninfo id="asus-d8556f07" start="1689410479643" dump="1689410482782"/><sessioninfo id="asus-b4df2b6c" start="1689410560428" dump="1689410564120"/><sessioninfo id="asus-ffd8c950" start="1689410600333" dump="1689410603964"/><sessioninfo id="asus-39b788f2" start="1689410774525" dump="1689410778374"/><sessioninfo id="asus-35f7ffb9" start="1689410814212" dump="1689410818024"/><sessioninfo id="asus-53b2f0e0" start="1689410869357" dump="1689410873097"/><sessioninfo id="asus-185a7edb" start="1689410932349" dump="1689410936005"/><sessioninfo id="asus-9f88f59f" start="1689410991874" dump="1689410995740"/><sessioninfo id="asus-be33aa15" start="1689411071245" dump="1689411075269"/><sessioninfo id="asus-a8492fec" start="1689411198179" dump="1689411201847"/><sessioninfo id="asus-c2b8dafa" start="1689411357941" dump="1689411361435"/><sessioninfo id="asus-ab26e4fa" start="1689411481811" dump="1689411485448"/><sessioninfo id="asus-9f0ee3dd" start="1689411564230" dump="1689411567906"/><sessioninfo id="asus-11f370c6" start="1689411639046" dump="1689411642766"/><sessioninfo id="asus-7274df5c" start="1689411857990" dump="1689411861224"/><sessioninfo id="asus-74243388" start="1689412077700" dump="1689412081124"/><sessioninfo id="asus-9bdcad95" start="1689412162008" dump="1689412165926"/><sessioninfo id="asus-d52edcc6" start="1689412277786" dump="1689412281555"/><sessioninfo id="asus-3261231e" start="1689412357161" dump="1689412360800"/><sessioninfo id="asus-d0587cd6" start="1689412415418" dump="1689412418770"/><sessioninfo id="asus-10906495" start="1689412480510" dump="1689412484246"/><sessioninfo id="asus-7f287e4c" start="1689412534432" dump="1689412538004"/><sessioninfo id="asus-9c8c60c7" start="1689412789226" dump="1689412792957"/><sessioninfo id="asus-54b5d2eb" start="1689412947594" dump="1689412951389"/><sessioninfo id="asus-8eac3e88" start="1689413089393" dump="1689413093193"/><sessioninfo id="asus-10a60a00" start="1689413166779" dump="1689413168570"/><sessioninfo id="asus-23321729" start="1689413220990" dump="1689413222806"/><sessioninfo id="asus-6aff0dee" start="1689413280533" dump="1689413284294"/><sessioninfo id="asus-9c76720b" start="1689413350324" dump="1689413353999"/><sessioninfo id="asus-3524d55f" start="1689413440467" dump="1689413444228"/><sessioninfo id="asus-c23d8c52" start="1689413514272" dump="1689413518023"/><sessioninfo id="asus-81a02726" start="1689413655502" dump="1689413658986"/><sessioninfo id="asus-30ef6dd1" start="1689416447355" dump="1689416450163"/><sessioninfo id="asus-8e5d8d2a" start="1689416497431" dump="1689416500178"/><sessioninfo id="asus-da0f72b1" start="1689416526170" dump="1689416529114"/><sessioninfo id="asus-3c416e9c" start="1689416632335" dump="1689416635267"/><sessioninfo id="asus-8cf16c80" start="1689416677691" dump="1689416680588"/><sessioninfo id="asus-63d35589" start="1689416799798" dump="1689416802556"/><sessioninfo id="asus-81e5c489" start="1689416888994" dump="1689416892032"/><sessioninfo id="asus-624176be" start="1689417020333" dump="1689417023312"/><sessioninfo id="asus-f3049ff0" start="1689417056151" dump="1689417059080"/><sessioninfo id="asus-c5143ef7" start="1689417085335" dump="1689417088213"/><sessioninfo id="asus-4330e3d5" start="1689417165131" dump="1689417168123"/><sessioninfo id="asus-d68faabb" start="1689417193846" dump="1689417196722"/><sessioninfo id="asus-4097ff73" start="1689417253767" dump="1689417256678"/><sessioninfo id="asus-378828de" start="1689417413296" dump="1689417416065"/><sessioninfo id="asus-6e6e96a8" start="1689417496585" dump="1689417499403"/><sessioninfo id="asus-b383dea1" start="1689417541984" dump="1689417544973"/><sessioninfo id="asus-8fa3b9be" start="1689419138515" dump="1689419141674"/><sessioninfo id="asus-afeb3a68" start="1689419200110" dump="1689419203546"/><sessioninfo id="asus-66785424" start="1689419266129" dump="1689419269528"/><sessioninfo id="asus-efd0b104" start="1689419303677" dump="1689419307445"/><sessioninfo id="asus-437ef38e" start="1689419378892" dump="1689419382634"/><sessioninfo id="asus-4a3e9b26" start="1689419418359" dump="1689419421718"/><sessioninfo id="asus-deb3e8a3" start="1689419464544" dump="1689419468407"/><sessioninfo id="asus-ee741c2" start="1689419575342" dump="1689419579089"/><sessioninfo id="asus-462ef55d" start="1689419675362" dump="1689419678883"/><sessioninfo id="asus-669cbc42" start="1689419735607" dump="1689419739317"/><sessioninfo id="asus-c8e60301" start="1689419784830" dump="1689419788151"/><sessioninfo id="asus-83135eea" start="1689420049207" dump="1689420053020"/><sessioninfo id="asus-b7156852" start="1689498974997" dump="1689498977980"/><sessioninfo id="asus-ed04c1c8" start="1689499065881" dump="1689499068911"/><sessioninfo id="asus-28a16657" start="1689499121507" dump="1689499124288"/><sessioninfo id="asus-8f24731b" start="1689499286764" dump="1689499289608"/><sessioninfo id="asus-2add8d9a" start="1689499342495" dump="1689499345308"/><sessioninfo id="asus-567f06af" start="1689499431774" dump="1689499434628"/><sessioninfo id="asus-9c9df194" start="1689499477428" dump="1689499480434"/><sessioninfo id="asus-3cf9bea1" start="1689499507779" dump="1689499510510"/><sessioninfo id="asus-31abe94e" start="1689499581843" dump="1689499584796"/><sessioninfo id="asus-b65a4bf2" start="1689499609397" dump="1689499612367"/><sessioninfo id="asus-76896788" start="1689499716360" dump="1689499719284"/><sessioninfo id="asus-d464c38b" start="1689499739236" dump="1689499742321"/><sessioninfo id="asus-f295129b" start="1689499789927" dump="1689499792971"/><sessioninfo id="asus-f6166cbc" start="1689499873515" dump="1689499876343"/><sessioninfo id="asus-b4030e61" start="1689499923031" dump="1689499926005"/><sessioninfo id="asus-48759f13" start="1689499958334" dump="1689499961163"/><sessioninfo id="asus-63d42c45" start="1689500026887" dump="1689500029621"/><sessioninfo id="asus-b0897c24" start="1689500119024" dump="1689500122057"/><sessioninfo id="asus-c5632504" start="1689500169917" dump="1689500172638"/><sessioninfo id="asus-104863a3" start="1689500205796" dump="1689500208474"/><sessioninfo id="asus-eebdfb08" start="1689500514373" dump="1689500517337"/><sessioninfo id="asus-1bebc1aa" start="1689500567583" dump="1689500570580"/><sessioninfo id="asus-466b14d3" start="1689500693835" dump="1689500696787"/><sessioninfo id="asus-cc6a4a6c" start="1689500793393" dump="1689500796295"/><sessioninfo id="asus-97810629" start="1689500862966" dump="1689500865862"/><sessioninfo id="asus-15b0db2f" start="1689500964535" dump="1689500967490"/><sessioninfo id="asus-cd4bbd98" start="1689501005388" dump="1689501008352"/><sessioninfo id="asus-52b75919" start="1689501061481" dump="1689501064360"/><sessioninfo id="asus-94e9b5d5" start="1689501116295" dump="1689501119166"/><sessioninfo id="asus-88dd4e2d" start="1689501173847" dump="1689501176910"/><sessioninfo id="asus-ea7ee724" start="1689501270485" dump="1689501273397"/><sessioninfo id="asus-5ed73d99" start="1689501316115" dump="1689501319128"/><sessioninfo id="asus-69de0888" start="1689501435588" dump="1689501438494"/><sessioninfo id="asus-349c9f6f" start="1689501497939" dump="1689501500832"/><sessioninfo id="asus-615c7e1" start="1689501539104" dump="1689501541982"/><sessioninfo id="asus-e816db75" start="1689501598666" dump="1689501601372"/><sessioninfo id="asus-5d26f326" start="1689501714864" dump="1689501717759"/><sessioninfo id="asus-b8bbeaf3" start="1689501768509" dump="1689501771393"/><sessioninfo id="asus-dafc6e37" start="1689501821242" dump="1689501824223"/><sessioninfo id="asus-d9819d33" start="1689501878017" dump="1689501880879"/><sessioninfo id="asus-e5f39098" start="1689501917122" dump="1689501919888"/><sessioninfo id="asus-22b5dfdc" start="1689502003327" dump="1689502006211"/><sessioninfo id="asus-4db0ded1" start="1689502076819" dump="1689502079745"/><sessioninfo id="asus-b0f10351" start="1689502163299" dump="1689502166250"/><sessioninfo id="asus-7b2cf237" start="1689502264783" dump="1689502267657"/><sessioninfo id="asus-26025e68" start="1689502289935" dump="1689502292804"/><sessioninfo id="asus-a3569088" start="1689502361956" dump="1689502364926"/><sessioninfo id="asus-42398fe" start="1689502673231" dump="1689502676028"/><sessioninfo id="asus-3af8f499" start="1689502751676" dump="1689502754522"/><sessioninfo id="asus-8a84fea3" start="1689503130498" dump="1689503133482"/><sessioninfo id="asus-b06d4253" start="1689503191181" dump="1689503194144"/><sessioninfo id="asus-cef9dbdb" start="1689503247094" dump="1689503249942"/><sessioninfo id="asus-d8d18af" start="1689503344481" dump="1689503347346"/><sessioninfo id="asus-59511872" start="1689503526755" dump="1689503529588"/><sessioninfo id="asus-8354c0ff" start="1689503667143" dump="1689503670086"/><sessioninfo id="asus-c77bebeb" start="1689503725093" dump="1689503728121"/><sessioninfo id="asus-8da65972" start="1689503769968" dump="1689503772998"/><sessioninfo id="asus-503f3d65" start="1689503816109" dump="1689503818849"/><sessioninfo id="asus-789795a2" start="1689503841303" dump="1689503844189"/><sessioninfo id="asus-9b1bde88" start="1689503944189" dump="1689503947191"/><sessioninfo id="asus-a6e991fa" start="1689504475226" dump="1689504478080"/><sessioninfo id="asus-1a0d0a29" start="1689504512609" dump="1689504515606"/><sessioninfo id="asus-d09a44ef" start="1689504568910" dump="1689504571903"/><sessioninfo id="asus-2f9993c9" start="1689504692965" dump="1689504695957"/><sessioninfo id="asus-a411176c" start="1689504731605" dump="1689504734453"/><sessioninfo id="asus-e358e822" start="1689504801289" dump="1689504804239"/><sessioninfo id="asus-845d22bd" start="1689504851149" dump="1689504854234"/><sessioninfo id="asus-bb2e7a41" start="1689504909124" dump="1689504911996"/><sessioninfo id="asus-4505a5c6" start="1689504981179" dump="1689504984070"/><sessioninfo id="asus-99fb388b" start="1689505061385" dump="1689505064376"/><sessioninfo id="asus-9287f8bf" start="1689505123184" dump="1689505126110"/><sessioninfo id="asus-1367960a" start="1689505162549" dump="1689505165451"/><sessioninfo id="asus-8c644dab" start="1689505200522" dump="1689505203459"/><sessioninfo id="asus-779aa17" start="1689505245335" dump="1689505248192"/><sessioninfo id="asus-877f6b4b" start="1689505289707" dump="1689505292661"/><sessioninfo id="asus-ac7575a" start="1689505351087" dump="1689505354104"/><sessioninfo id="asus-754e7dc5" start="1689505371897" dump="1689505374915"/><sessioninfo id="asus-35745d95" start="1689505406587" dump="1689505409422"/><sessioninfo id="asus-e875438f" start="1689505509471" dump="1689505512386"/><sessioninfo id="asus-90f8b450" start="1689505549665" dump="1689505552516"/><sessioninfo id="asus-58e0cf7f" start="1689505569985" dump="1689505572952"/><sessioninfo id="asus-e15d1837" start="1689505733600" dump="1689505736593"/><sessioninfo id="asus-c0afc18c" start="1689505858418" dump="1689505861453"/><sessioninfo id="asus-e9b1016" start="1689505941191" dump="1689505944198"/><sessioninfo id="asus-18c29510" start="1689505983224" dump="1689505986314"/><sessioninfo id="asus-9dfdc23b" start="1689506023729" dump="1689506026487"/><sessioninfo id="asus-b4e62632" start="1689506078638" dump="1689506081454"/><sessioninfo id="asus-c07cf6b1" start="1689506127919" dump="1689506130934"/><sessioninfo id="asus-3d88e16e" start="1689506172007" dump="1689506175013"/><sessioninfo id="asus-8d2057e2" start="1689506259110" dump="1689506262024"/><sessioninfo id="asus-bc89a9a4" start="1689506366513" dump="1689506369459"/><sessioninfo id="asus-ed6a78cf" start="1689506508838" dump="1689506511694"/><sessioninfo id="asus-68e3a73" start="1689506560281" dump="1689506563215"/><sessioninfo id="asus-fa5cb478" start="1689506602005" dump="1689506604848"/><sessioninfo id="asus-1944c26d" start="1689506670956" dump="1689506673958"/><sessioninfo id="asus-a6b1d2cd" start="1689506699050" dump="1689506701907"/><sessioninfo id="asus-c5d6ad0" start="1689506787184" dump="1689506790186"/><sessioninfo id="asus-a2915405" start="1689506835070" dump="1689506838245"/><sessioninfo id="asus-d2fc0690" start="1689506895337" dump="1689506898174"/><sessioninfo id="asus-f8128e99" start="1689506976285" dump="1689506979318"/><sessioninfo id="asus-2b40718c" start="1689507004471" dump="1689507007266"/><sessioninfo id="asus-c5726646" start="1689507031805" dump="1689507034810"/><sessioninfo id="asus-29223098" start="1689507056828" dump="1689507059765"/><sessioninfo id="asus-27a7f82b" start="1689507113839" dump="1689507116768"/><sessioninfo id="asus-d8cd6cf0" start="1689507158646" dump="1689507161591"/><sessioninfo id="asus-d006b4f5" start="1689507191732" dump="1689507194744"/><sessioninfo id="asus-31e0a3f2" start="1689507312672" dump="1689507315736"/><sessioninfo id="asus-9d007b04" start="1689507377986" dump="1689507380951"/><sessioninfo id="asus-d0a54b45" start="1689507407658" dump="1689507410464"/><sessioninfo id="asus-928b20bb" start="1689507482705" dump="1689507485701"/><sessioninfo id="asus-e29badc6" start="1689507614492" dump="1689507617447"/><sessioninfo id="asus-e75eb50e" start="1689507655953" dump="1689507658949"/><sessioninfo id="asus-6c66c38" start="1689507685453" dump="1689507688309"/><sessioninfo id="asus-55a14cb9" start="1689507801200" dump="1689507804117"/><sessioninfo id="asus-7a2f279b" start="1689507854917" dump="1689507857725"/><sessioninfo id="asus-1c62ffb3" start="1689507886356" dump="1689507889288"/><sessioninfo id="asus-ef4f6ebc" start="1689507919838" dump="1689507922797"/><sessioninfo id="asus-da65328b" start="1689507967971" dump="1689507970830"/><sessioninfo id="asus-b97def7b" start="1689508043087" dump="1689508046046"/><sessioninfo id="asus-624592c9" start="1689508079051" dump="1689508082110"/><sessioninfo id="asus-ac02eac1" start="1689508847462" dump="1689508850387"/><sessioninfo id="asus-70de9add" start="1689508916580" dump="1689508919404"/><sessioninfo id="asus-30b620d5" start="1689508937849" dump="1689508940772"/><sessioninfo id="asus-94a93a90" start="1689508965678" dump="1689508968507"/><sessioninfo id="asus-3daa1451" start="1689509020060" dump="1689509023019"/><sessioninfo id="asus-23abb2a0" start="1689509086825" dump="1689509089844"/><sessioninfo id="asus-519cc943" start="1689509148558" dump="1689509151548"/><sessioninfo id="asus-83604c2e" start="1689509195348" dump="1689509198357"/><sessioninfo id="asus-702d97e7" start="1689509226863" dump="1689509229796"/><sessioninfo id="asus-1f46f07b" start="1689509272799" dump="1689509275840"/><sessioninfo id="asus-5cf2651" start="1689509303799" dump="1689509306911"/><sessioninfo id="asus-1139f0f" start="1689509373372" dump="1689509376372"/><sessioninfo id="asus-6d0ee964" start="1689509403002" dump="1689509405969"/><sessioninfo id="asus-c6b36659" start="1689509819960" dump="1689509823043"/><sessioninfo id="asus-a2026368" start="1689509861619" dump="1689509864581"/><sessioninfo id="asus-f3548c24" start="1689509934727" dump="1689509937624"/><sessioninfo id="asus-3c02f94" start="1689509987545" dump="1689509990472"/><sessioninfo id="asus-c7f3b21c" start="1689510023797" dump="1689510026599"/><sessioninfo id="asus-aa8a5993" start="1689510062257" dump="1689510065058"/><sessioninfo id="asus-a9d0b551" start="1689510140879" dump="1689510143851"/><sessioninfo id="asus-73fe6c66" start="1689510198386" dump="1689510201394"/><sessioninfo id="asus-21ee38bf" start="1689510227143" dump="1689510230036"/><sessioninfo id="asus-b7b6fb87" start="1689510285501" dump="1689510288481"/><sessioninfo id="asus-ce94a955" start="1689510327842" dump="1689510330856"/><sessioninfo id="asus-11d37e8d" start="1689510358659" dump="1689510361597"/><sessioninfo id="asus-8e1b6d94" start="1689510412332" dump="1689510415186"/><sessioninfo id="asus-392d766f" start="1689519720208" dump="1689519723565"/><sessioninfo id="asus-df90b17c" start="1689521598440" dump="1689521602353"/><sessioninfo id="asus-b9510737" start="1689521668426" dump="1689521672311"/><sessioninfo id="asus-d0217f38" start="1689521719163" dump="1689521722755"/><sessioninfo id="asus-a8dde74c" start="1689521757554" dump="1689521761518"/><sessioninfo id="asus-b789d248" start="1689521806391" dump="1689521810094"/><sessioninfo id="asus-3cc11f91" start="1689521871870" dump="1689521875437"/><sessioninfo id="asus-c390c57" start="1689521930887" dump="1689521935028"/><sessioninfo id="asus-53b131ef" start="1689521980828" dump="1689521984584"/><sessioninfo id="asus-4ab82020" start="1689522048341" dump="1689522051750"/><sessioninfo id="asus-e5726ba1" start="1689522165374" dump="1689522169076"/><sessioninfo id="asus-60114ce0" start="1689522209042" dump="1689522212781"/><sessioninfo id="asus-5f548c08" start="1689522291635" dump="1689522295509"/><sessioninfo id="asus-3b1cd9eb" start="1689522497850" dump="1689522501389"/><sessioninfo id="asus-f11a2908" start="1689522554735" dump="1689522558206"/><sessioninfo id="asus-f0ceef79" start="1689522657794" dump="1689522661512"/><sessioninfo id="asus-495b98a8" start="1689522732753" dump="1689522736315"/><sessioninfo id="asus-b4a598ea" start="1689522899104" dump="1689522902873"/><sessioninfo id="asus-2ac32cb1" start="1689522977322" dump="1689522981026"/><sessioninfo id="asus-eb2e29a" start="1689523017082" dump="1689523020796"/><sessioninfo id="asus-884cc115" start="1689523439358" dump="1689523443071"/><sessioninfo id="asus-af9c24db" start="1689530446902" dump="1689530450059"/><sessioninfo id="asus-4637e7e3" start="1689530519807" dump="1689530523785"/><sessioninfo id="asus-5446d5b4" start="1689530578359" dump="1689530581942"/><sessioninfo id="asus-9e1989ab" start="1689530654203" dump="1689530657756"/><sessioninfo id="asus-d494084c" start="1689530687473" dump="1689530690917"/><sessioninfo id="asus-7c099969" start="1689530793871" dump="1689530797424"/><sessioninfo id="asus-1b7b38cb" start="1689530822527" dump="1689530826363"/><sessioninfo id="asus-7860bd4e" start="1689530883011" dump="1689530886754"/><sessioninfo id="asus-4d56663f" start="1689530933248" dump="1689530936803"/><sessioninfo id="asus-2d1cd342" start="1689531008286" dump="1689531011969"/><sessioninfo id="asus-d1e888ce" start="1689543560737" dump="1689543564013"/><sessioninfo id="asus-144891ea" start="1689543877696" dump="1689543881098"/><sessioninfo id="asus-3a0c18f6" start="1689544054182" dump="1689544057813"/><sessioninfo id="asus-6199bb61" start="1689544158351" dump="1689544162195"/><sessioninfo id="asus-b4038920" start="1689544253000" dump="1689544256783"/><sessioninfo id="asus-b2f10f95" start="1689544325103" dump="1689544329090"/><sessioninfo id="asus-5390a31b" start="1689544426792" dump="1689544430394"/><sessioninfo id="asus-1174f77b" start="1689544499702" dump="1689544503572"/><sessioninfo id="asus-a85e075" start="1689544569359" dump="1689544573130"/><sessioninfo id="asus-9facf87f" start="1689544637364" dump="1689544640997"/><sessioninfo id="asus-6920b493" start="1689544718535" dump="1689544722237"/><sessioninfo id="asus-bd2922aa" start="1689544794051" dump="1689544797321"/><sessioninfo id="asus-b1ab7e8f" start="1689544851041" dump="1689544854954"/><sessioninfo id="asus-2c26d4c5" start="1689544915903" dump="1689544919735"/><sessioninfo id="asus-41fac59e" start="1689545000429" dump="1689545004181"/><sessioninfo id="asus-95303ab2" start="1689545162351" dump="1689545166014"/><sessioninfo id="asus-758f5ef6" start="1689545300464" dump="1689545304395"/><sessioninfo id="asus-2f79d88f" start="1689545452378" dump="1689545456004"/><sessioninfo id="asus-1746fec2" start="1689545583899" dump="1689545587674"/><sessioninfo id="asus-5e4d5d8a" start="1689547296457" dump="1689547300570"/><sessioninfo id="asus-15bbee7a" start="1689547393781" dump="1689547397777"/><sessioninfo id="asus-5d148513" start="1689547448157" dump="1689547451544"/><sessioninfo id="asus-5d0a97f2" start="1689547492864" dump="1689547496533"/><package name="com/parkit/parkingsystem/service"><class name="com/parkit/parkingsystem/service/FareCalculatorService" sourcefilename="FareCalculatorService.java"><method name="&lt;init&gt;" desc="()V" line="7"><counter type="INSTRUCTION" missed="0" covered="3"/><counter type="LINE" missed="0" covered="1"/><counter type="COMPLEXITY" missed="0" covered="1"/><counter type="METHOD" missed="0" covered="1"/></method><method name="calculateFare" desc="(Lcom/parkit/parkingsystem/model/Ticket;)V" line="16"><counter type="INSTRUCTION" missed="5" covered="130"/><counter type="BRANCH" missed="2" covered="9"/><counter type="LINE" missed="1" covered="20"/><counter type="COMPLEXITY" missed="2" covered="5"/><counter type="METHOD" missed="0" covered="1"/></method><method name="calculateDurationOfParking" desc="(JJD)D" line="56"><counter type="INSTRUCTION" missed="0" covered="15"/><counter type="LINE" missed="0" covered="3"/><counter type="COMPLEXITY" missed="0" covered="1"/><counter type="METHOD" missed="0" covered="1"/></method><method name="calculateFare" desc="(Lcom/parkit/parkingsystem/model/Ticket;Z)V" line="63"><counter type="INSTRUCTION" missed="0" covered="27"/><counter type="BRANCH" missed="0" covered="4"/><counter type="LINE" missed="0" covered="5"/><counter type="COMPLEXITY" missed="0" covered="3"/><counter type="METHOD" missed="0" covered="1"/></method><counter type="INSTRUCTION" missed="5" covered="175"/><counter type="BRANCH" missed="2" covered="13"/><counter type="LINE" missed="1" covered="29"/><counter type="COMPLEXITY" missed="2" covered="10"/><counter type="METHOD" missed="0" covered="4"/><counter type="CLASS" missed="0" covered="1"/></class><class name="com/parkit/parkingsystem/service/ParkingService" sourcefilename="ParkingService.java"><method name="&lt;clinit&gt;" desc="()V" line="17"><counter type="INSTRUCTION" missed="0" covered="8"/><counter type="LINE" missed="0" covered="2"/><counter type="COMPLEXITY" missed="0" covered="1"/><counter type="METHOD" missed="0" covered="1"/></method><method name="&lt;init&gt;" desc="(Lcom/parkit/parkingsystem/util/InputReaderUtil;Lcom/parkit/parkingsystem/dao/ParkingSpotDAO;Lcom/parkit/parkingsystem/dao/TicketDAO;)V" line="26"><counter type="INSTRUCTION" missed="0" covered="12"/><counter type="LINE" missed="0" covered="5"/><counter type="COMPLEXITY" missed="0" covered="1"/><counter type="METHOD" missed="0" covered="1"/></method><method name="processIncomingVehicle" desc="()V" line="34"><counter type="INSTRUCTION" missed="5" covered="95"/><counter type="BRANCH" missed="2" covered="4"/><counter type="LINE" missed="1" covered="22"/><counter type="COMPLEXITY" missed="2" covered="2"/><counter type="METHOD" missed="0" covered="1"/></method><method name="getVehichleRegNumber" desc="()Ljava/lang/String;" line="71"><counter type="INSTRUCTION" missed="0" covered="7"/><counter type="LINE" missed="0" covered="2"/><counter type="COMPLEXITY" missed="0" covered="1"/><counter type="METHOD" missed="0" covered="1"/></method><method name="getNextParkingNumberIfAvailable" desc="()Lcom/parkit/parkingsystem/model/ParkingSpot;" line="76"><counter type="INSTRUCTION" missed="11" covered="29"/><counter type="BRANCH" missed="1" covered="1"/><counter type="LINE" missed="3" covered="10"/><counter type="COMPLEXITY" missed="1" covered="1"/><counter type="METHOD" missed="0" covered="1"/></method><method name="getVehichleType" desc="()Lcom/parkit/parkingsystem/constants/ParkingType;" line="95"><counter type="INSTRUCTION" missed="10" covered="17"/><counter type="BRANCH" missed="2" covered="1"/><counter type="LINE" missed="3" covered="6"/><counter type="COMPLEXITY" missed="2" covered="1"/><counter type="METHOD" missed="0" covered="1"/></method><method name="processExitingVehicle" desc="()V" line="115"><counter type="INSTRUCTION" missed="0" covered="102"/><counter type="BRANCH" missed="0" covered="4"/><counter type="LINE" missed="0" covered="23"/><counter type="COMPLEXITY" missed="0" covered="3"/><counter type="METHOD" missed="0" covered="1"/></method><counter type="INSTRUCTION" missed="26" covered="270"/><counter type="BRANCH" missed="5" covered="10"/><counter type="LINE" missed="7" covered="70"/><counter type="COMPLEXITY" missed="5" covered="10"/><counter type="METHOD" missed="0" covered="7"/><counter type="CLASS" missed="0" covered="1"/></class><class name="com/parkit/parkingsystem/service/InteractiveShell" sourcefilename="InteractiveShell.java"><method name="&lt;clinit&gt;" desc="()V" line="11"><counter type="INSTRUCTION" missed="4" covered="0"/><counter type="LINE" missed="1" covered="0"/><counter type="COMPLEXITY" missed="1" covered="0"/><counter type="METHOD" missed="1" covered="0"/></method><method name="&lt;init&gt;" desc="()V" line="9"><counter type="INSTRUCTION" missed="3" covered="0"/><counter type="LINE" missed="1" covered="0"/><counter type="COMPLEXITY" missed="1" covered="0"/><counter type="METHOD" missed="1" covered="0"/></method><method name="loadInterface" desc="()V" line="14"><counter type="INSTRUCTION" missed="52" covered="0"/><counter type="BRANCH" missed="6" covered="0"/><counter type="LINE" missed="20" covered="0"/><counter type="COMPLEXITY" missed="5" covered="0"/><counter type="METHOD" missed="1" covered="0"/></method><method name="loadMenu" desc="()V" line="46"><counter type="INSTRUCTION" missed="13" covered="0"/><counter type="LINE" missed="5" covered="0"/><counter type="COMPLEXITY" missed="1" covered="0"/><counter type="METHOD" missed="1" covered="0"/></method><counter type="INSTRUCTION" missed="72" covered="0"/><counter type="BRANCH" missed="6" covered="0"/><counter type="LINE" missed="27" covered="0"/><counter type="COMPLEXITY" missed="8" covered="0"/><counter type="METHOD" missed="4" covered="0"/><counter type="CLASS" missed="1" covered="0"/></class><sourcefile name="ParkingService.java"><line nr="17" mi="0" ci="3" mb="0" cb="0"/><line nr="19" mi="0" ci="5" mb="0" cb="0"/><line nr="26" mi="0" ci="2" mb="0" cb="0"/><line nr="27" mi="0" ci="3" mb="0" cb="0"/><line nr="28" mi="0" ci="3" mb="0" cb="0"/><line nr="29" mi="0" ci="3" mb="0" cb="0"/><line nr="30" mi="0" ci="1" mb="0" cb="0"/><line nr="34" mi="0" ci="3" mb="0" cb="0"/><line nr="35" mi="0" ci="5" mb="1" cb="3"/><line nr="36" mi="0" ci="3" mb="0" cb="0"/><line nr="37" mi="0" ci="3" mb="0" cb="0"/><line nr="38" mi="0" ci="5" mb="0" cb="0"/><line nr="41" mi="0" ci="4" mb="0" cb="0"/><line nr="42" mi="0" ci="4" mb="0" cb="0"/><line nr="45" mi="0" ci="3" mb="0" cb="0"/><line nr="46" mi="0" ci="3" mb="0" cb="0"/><line nr="47" mi="0" ci="3" mb="0" cb="0"/><line nr="48" mi="0" ci="3" mb="0" cb="0"/><line nr="49" mi="0" ci="3" mb="0" cb="0"/><line nr="50" mi="0" ci="5" mb="0" cb="0"/><line nr="53" mi="0" ci="5" mb="0" cb="0"/><line nr="54" mi="0" ci="9" mb="0" cb="0"/><line nr="55" mi="0" ci="3" mb="1" cb="1"/><line nr="56" mi="0" ci="3" mb="0" cb="0"/><line nr="60" mi="0" ci="3" mb="0" cb="0"/><line nr="61" mi="0" ci="10" mb="0" cb="0"/><line nr="62" mi="0" ci="13" mb="0" cb="0"/><line nr="65" mi="1" ci="1" mb="0" cb="0"/><line nr="66" mi="4" ci="0" mb="0" cb="0"/><line nr="68" mi="0" ci="1" mb="0" cb="0"/><line nr="71" mi="0" ci="3" mb="0" cb="0"/><line nr="72" mi="0" ci="4" mb="0" cb="0"/><line nr="76" mi="0" ci="2" mb="0" cb="0"/><line nr="77" mi="0" ci="2" mb="0" cb="0"/><line nr="79" mi="0" ci="3" mb="0" cb="0"/><line nr="80" mi="0" ci="5" mb="0" cb="0"/><line nr="81" mi="0" ci="2" mb="1" cb="1"/><line nr="82" mi="0" ci="7" mb="0" cb="0"/><line nr="83" mi="0" ci="1" mb="0" cb="0"/><line nr="84" mi="5" ci="0" mb="0" cb="0"/><line nr="86" mi="1" ci="0" mb="0" cb="0"/><line nr="87" mi="5" ci="0" mb="0" cb="0"/><line nr="88" mi="0" ci="1" mb="0" cb="0"/><line nr="89" mi="0" ci="4" mb="0" cb="0"/><line nr="91" mi="0" ci="2" mb="0" cb="0"/><line nr="95" mi="0" ci="3" mb="0" cb="0"/><line nr="96" mi="0" ci="3" mb="0" cb="0"/><line nr="97" mi="0" ci="3" mb="0" cb="0"/><line nr="98" mi="0" ci="4" mb="0" cb="0"/><line nr="99" mi="0" ci="2" mb="2" cb="1"/><line nr="101" mi="0" ci="2" mb="0" cb="0"/><line nr="104" mi="2" ci="0" mb="0" cb="0"/><line nr="107" mi="3" ci="0" mb="0" cb="0"/><line nr="108" mi="5" ci="0" mb="0" cb="0"/><line nr="115" mi="0" ci="3" mb="0" cb="0"/><line nr="116" mi="0" ci="5" mb="0" cb="0"/><line nr="117" mi="0" ci="4" mb="0" cb="0"/><line nr="118" mi="0" ci="3" mb="0" cb="0"/><line nr="120" mi="0" ci="5" mb="0" cb="2"/><line nr="121" mi="0" ci="3" mb="0" cb="0"/><line nr="122" mi="0" ci="3" mb="0" cb="0"/><line nr="123" mi="0" ci="5" mb="0" cb="0"/><line nr="125" mi="0" ci="3" mb="0" cb="0"/><line nr="129" mi="0" ci="5" mb="0" cb="0"/><line nr="130" mi="0" ci="9" mb="0" cb="0"/><line nr="131" mi="0" ci="3" mb="0" cb="2"/><line nr="132" mi="0" ci="4" mb="0" cb="0"/><line nr="139" mi="0" ci="3" mb="0" cb="0"/><line nr="140" mi="0" ci="9" mb="0" cb="0"/><line nr="141" mi="0" ci="10" mb="0" cb="0"/><line nr="143" mi="0" ci="2" mb="0" cb="0"/><line nr="144" mi="0" ci="12" mb="0" cb="0"/><line nr="145" mi="0" ci="1" mb="0" cb="0"/><line nr="146" mi="0" ci="3" mb="0" cb="0"/><line nr="148" mi="0" ci="2" mb="0" cb="0"/><line nr="149" mi="0" ci="4" mb="0" cb="0"/><line nr="151" mi="0" ci="1" mb="0" cb="0"/><counter type="INSTRUCTION" missed="26" covered="270"/><counter type="BRANCH" missed="5" covered="10"/><counter type="LINE" missed="7" covered="70"/><counter type="COMPLEXITY" missed="5" covered="10"/><counter type="METHOD" missed="0" covered="7"/><counter type="CLASS" missed="0" covered="1"/></sourcefile><sourcefile name="InteractiveShell.java"><line nr="9" mi="3" ci="0" mb="0" cb="0"/><line nr="11" mi="4" ci="0" mb="0" cb="0"/><line nr="14" mi="3" ci="0" mb="0" cb="0"/><line nr="15" mi="3" ci="0" mb="0" cb="0"/><line nr="17" mi="2" ci="0" mb="0" cb="0"/><line nr="18" mi="4" ci="0" mb="0" cb="0"/><line nr="19" mi="4" ci="0" mb="0" cb="0"/><line nr="20" mi="4" ci="0" mb="0" cb="0"/><line nr="21" mi="7" ci="0" mb="0" cb="0"/><line nr="23" mi="3" ci="0" mb="2" cb="0"/><line nr="24" mi="1" ci="0" mb="0" cb="0"/><line nr="25" mi="3" ci="0" mb="0" cb="0"/><line nr="26" mi="2" ci="0" mb="4" cb="0"/><line nr="28" mi="2" ci="0" mb="0" cb="0"/><line nr="29" mi="1" ci="0" mb="0" cb="0"/><line nr="32" mi="2" ci="0" mb="0" cb="0"/><line nr="33" mi="1" ci="0" mb="0" cb="0"/><line nr="36" mi="3" ci="0" mb="0" cb="0"/><line nr="37" mi="2" ci="0" mb="0" cb="0"/><line nr="38" mi="1" ci="0" mb="0" cb="0"/><line nr="40" mi="3" ci="0" mb="0" cb="0"/><line nr="43" mi="1" ci="0" mb="0" cb="0"/><line nr="46" mi="3" ci="0" mb="0" cb="0"/><line nr="47" mi="3" ci="0" mb="0" cb="0"/><line nr="48" mi="3" ci="0" mb="0" cb="0"/><line nr="49" mi="3" ci="0" mb="0" cb="0"/><line nr="50" mi="1" ci="0" mb="0" cb="0"/><counter type="INSTRUCTION" missed="72" covered="0"/><counter type="BRANCH" missed="6" covered="0"/><counter type="LINE" missed="27" covered="0"/><counter type="COMPLEXITY" missed="8" covered="0"/><counter type="METHOD" missed="4" covered="0"/><counter type="CLASS" missed="1" covered="0"/></sourcefile><sourcefile name="FareCalculatorService.java"><line nr="7" mi="0" ci="3" mb="0" cb="0"/><line nr="16" mi="0" ci="9" mb="1" cb="3"/><line nr="17" mi="0" ci="13" mb="0" cb="0"/><line nr="21" mi="0" ci="5" mb="0" cb="0"/><line nr="22" mi="0" ci="5" mb="0" cb="0"/><line nr="23" mi="0" ci="10" mb="0" cb="0"/><line nr="26" mi="0" ci="3" mb="0" cb="0"/><line nr="28" mi="0" ci="11" mb="0" cb="2"/><line nr="29" mi="0" ci="10" mb="0" cb="0"/><line nr="32" mi="0" ci="3" mb="0" cb="2"/><line nr="33" mi="0" ci="5" mb="0" cb="0"/><line nr="34" mi="0" ci="10" mb="0" cb="0"/><line nr="37" mi="0" ci="7" mb="1" cb="2"/><line nr="39" mi="0" ci="6" mb="0" cb="0"/><line nr="40" mi="0" ci="10" mb="0" cb="0"/><line nr="41" mi="0" ci="1" mb="0" cb="0"/><line nr="44" mi="0" ci="6" mb="0" cb="0"/><line nr="45" mi="0" ci="10" mb="0" cb="0"/><line nr="46" mi="0" ci="1" mb="0" cb="0"/><line nr="48" mi="5" ci="0" mb="0" cb="0"/><line nr="51" mi="0" ci="4" mb="0" cb="0"/><line nr="52" mi="0" ci="1" mb="0" cb="0"/><line nr="56" mi="0" ci="5" mb="0" cb="0"/><line nr="58" mi="0" ci="8" mb="0" cb="0"/><line nr="59" mi="0" ci="2" mb="0" cb="0"/><line nr="63" mi="0" ci="8" mb="0" cb="4"/><line nr="65" mi="0" ci="5" mb="0" cb="0"/><line nr="66" mi="0" ci="3" mb="0" cb="0"/><line nr="67" mi="0" ci="10" mb="0" cb="0"/><line nr="70" mi="0" ci="1" mb="0" cb="0"/><counter type="INSTRUCTION" missed="5" covered="175"/><counter type="BRANCH" missed="2
[...]
NCH" missed="8" covered="0"/><counter type="LINE" missed="10" covered="9"/><counter type="COMPLEXITY" missed="9" covered="4"/><counter type="METHOD" missed="5" covered="4"/><counter type="CLASS" missed="0" covered="1"/></sourcefile><counter type="INSTRUCTION" missed="47" covered="60"/><counter type="BRANCH" missed="8" covered="0"/><counter type="LINE" missed="13" covered="25"/><counter type="COMPLEXITY" missed="11" covered="15"/><counter type="METHOD" missed="7" covered="15"/><counter type="CLASS" missed="0" covered="2"/></package><package name="com/parkit/parkingsystem/constants"><class name="com/parkit/parkingsystem/constants/Fare" sourcefilename="Fare.java"><method name="&lt;init&gt;" desc="()V" line="3"><counter type="INSTRUCTION" missed="3" covered="0"/><counter type="LINE" missed="1" covered="0"/><counter type="COMPLEXITY" missed="1" covered="0"/><counter type="METHOD" missed="1" covered="0"/></method><counter type="INSTRUCTION" missed="3" covered="0"/><counter type="LINE" missed="1" covered="0"/><counter type="COMPLEXITY" missed="1" covered="0"/><counter type="METHOD" missed="1" covered="0"/><counter type="CLASS" missed="1" covered="0"/></class><class name="com/parkit/parkingsystem/constants/ParkingType" sourcefilename="ParkingType.java"><method name="&lt;clinit&gt;" desc="()V" line="3"><counter type="INSTRUCTION" missed="0" covered="24"/><counter type="LINE" missed="0" covered="3"/><counter type="COMPLEXITY" missed="0" covered="1"/><counter type="METHOD" missed="0" covered="1"/></method><counter type="INSTRUCTION" missed="0" covered="24"/><counter type="LINE" missed="0" covered="3"/><counter type="COMPLEXITY" missed="0" covered="1"/><counter type="METHOD" missed="0" covered="1"/><counter type="CLASS" missed="0" covered="1"/></class><class name="com/parkit/parkingsystem/constants/DBConstants" sourcefilename="DBConstants.java"><method name="&lt;init&gt;" desc="()V" line="3"><counter type="INSTRUCTION" missed="3" covered="0"/><counter type="LINE" missed="1" covered="0"/><counter type="COMPLEXITY" missed="1" covered="0"/><counter type="METHOD" missed="1" covered="0"/></method><counter type="INSTRUCTION" missed="3" covered="0"/><counter type="LINE" missed="1" covered="0"/><counter type="COMPLEXITY" missed="1" covered="0"/><counter type="METHOD" missed="1" covered="0"/><counter type="CLASS" missed="1" covered="0"/></class><sourcefile name="DBConstants.java"><line nr="3" mi="3" ci="0" mb="0" cb="0"/><counter type="INSTRUCTION" missed="3" covered="0"/><counter type="LINE" missed="1" covered="0"/><counter type="COMPLEXITY" missed="1" covered="0"/><counter type="METHOD" missed="1" covered="0"/><counter type="CLASS" missed="1" covered="0"/></sourcefile><sourcefile name="ParkingType.java"><line nr="3" mi="0" ci="12" mb="0" cb="0"/><line nr="4" mi="0" ci="6" mb="0" cb="0"/><line nr="5" mi="0" ci="6" mb="0" cb="0"/><counter type="INSTRUCTION" missed="0" covered="24"/><counter type="LINE" missed="0" covered="3"/><counter type="COMPLEXITY" missed="0" covered="1"/><counter type="METHOD" missed="0" covered="1"/><counter type="CLASS" missed="0" covered="1"/></sourcefile><sourcefile name="Fare.java"><line nr="3" mi="3" ci="0" mb="0" cb="0"/><counter type="INSTRUCTION" missed="3" covered="0"/><counter type="LINE" missed="1" covered="0"/><counter type="COMPLEXITY" missed="1" covered="0"/><counter type="METHOD" missed="1" covered="0"/><counter type="CLASS" missed="1" covered="0"/></sourcefile><counter type="INSTRUCTION" missed="6" covered="24"/><counter type="LINE" missed="2" covered="3"/><counter type="COMPLEXITY" missed="2" covered="1"/><counter type="METHOD" missed="2" covered="1"/><counter type="CLASS" missed="2" covered="1"/></package><package name="com/parkit/parkingsystem/util"><class name="com/parkit/parkingsystem/util/InputReaderUtil" sourcefilename="InputReaderUtil.java"><method name="&lt;clinit&gt;" desc="()V" line="10"><counter type="INSTRUCTION" missed="0" covered="9"/><counter type="LINE" missed="0" covered="2"/><counter type="COMPLEXITY" missed="0" covered="1"/><counter type="METHOD" missed="0" covered="1"/></method><method name="&lt;init&gt;" desc="()V" line="8"><counter type="INSTRUCTION" missed="3" covered="0"/><counter type="LINE" missed="1" covered="0"/><counter type="COMPLEXITY" missed="1" covered="0"/><counter type="METHOD" missed="1" covered="0"/></method><method name="readSelection" desc="()I" line="15"><counter type="INSTRUCTION" missed="16" covered="0"/><counter type="LINE" missed="6" covered="0"/><counter type="COMPLEXITY" missed="1" covered="0"/><counter type="METHOD" missed="1" covered="0"/></method><method name="readVehicleRegistrationNumber" desc="()Ljava/lang/String;" line="26"><counter type="INSTRUCTION" missed="26" covered="0"/><counter type="BRANCH" missed="4" covered="0"/><counter type="LINE" missed="8" covered="0"/><counter type="COMPLEXITY" missed="3" covered="0"/><counter type="METHOD" missed="1" covered="0"/></method><counter type="INSTRUCTION" missed="45" covered="9"/><counter type="BRANCH" missed="4" covered="0"/><counter type="LINE" missed="15" covered="2"/><counter type="COMPLEXITY" missed="5" covered="1"/><counter type="METHOD" missed="3" covered="1"/><counter type="CLASS" missed="0" covered="1"/></class><sourcefile name="InputReaderUtil.java"><line nr="8" mi="3" ci="0" mb="0" cb="0"/><line nr="10" mi="0" ci="5" mb="0" cb="0"/><line nr="11" mi="0" ci="4" mb="0" cb="0"/><line nr="15" mi="4" ci="0" mb="0" cb="0"/><line nr="16" mi="2" ci="0" mb="0" cb="0"/><line nr="17" mi="1" ci="0" mb="0" cb="0"/><line nr="18" mi="4" ci="0" mb="0" cb="0"/><line nr="19" mi="3" ci="0" mb="0" cb="0"/><line nr="20" mi="2" ci="0" mb="0" cb="0"/><line nr="26" mi="3" ci="0" mb="0" cb="0"/><line nr="27" mi="6" ci="0" mb="4" cb="0"/><line nr="28" mi="5" ci="0" mb="0" cb="0"/><line nr="30" mi="2" ci="0" mb="0" cb="0"/><line nr="31" mi="1" ci="0" mb="0" cb="0"/><line nr="32" mi="4" ci="0" mb="0" cb="0"/><line nr="33" mi="3" ci="0" mb="0" cb="0"/><line nr="34" mi="2" ci="0" mb="0" cb="0"/><counter type="INSTRUCTION" missed="45" covered="9"/><counter type="BRANCH" missed="4" covered="0"/><counter type="LINE" missed="15" covered="2"/><counter type="COMPLEXITY" missed="5" covered="1"/><counter type="METHOD" missed="3" covered="1"/><counter type="CLASS" missed="0" covered="1"/></sourcefile><counter type="INSTRUCTION" missed="45" covered="9"/><counter type="BRANCH" missed="4" covered="0"/><counter type="LINE" missed="15" covered="2"/><counter type="COMPLEXITY" missed="5" covered="1"/><counter type="METHOD" missed="3" covered="1"/><counter type="CLASS" missed="0" covered="1"/></package><package name="com/parkit/parkingsystem/dao"><class name="com/parkit/parkingsystem/dao/TicketDAO" sourcefilename="TicketDAO.java"><method name="&lt;clinit&gt;" desc="()V" line="20"><counter type="INSTRUCTION" missed="0" covered="4"/><counter type="LINE" missed="0" covered="1"/><counter type="COMPLEXITY" missed="0" covered="1"/><counter type="METHOD" missed="0" covered="1"/></method><method name="&lt;init&gt;" desc="()V" line="18"><counter type="INSTRUCTION" missed="8" covered="0"/><counter type="LINE" missed="2" covered="0"/><counter type="COMPLEXITY" missed="1" covered="0"/><counter type="METHOD" missed="1" covered="0"/></method><method name="saveTicket" desc="(Lcom/parkit/parkingsystem/model/Ticket;)Z" line="25"><counter type="INSTRUCTION" missed="68" covered="0"/><counter type="BRANCH" missed="2" covered="0"/><counter type="LINE" missed="15" covered="0"/><counter type="COMPLEXITY" missed="2" covered="0"/><counter type="METHOD" missed="1" covered="0"/></method><method name="getTicket" desc="(Ljava/lang/String;)Lcom/parkit/parkingsystem/model/Ticket;" line="48"><counter type="INSTRUCTION" missed="87" covered="0"/><counter type="BRANCH" missed="2" covered="0"/><counter type="LINE" missed="23" covered="0"/><counter type="COMPLEXITY" missed="2" covered="0"/><counter type="METHOD" missed="1" covered="0"/></method><method name="updateTicket" desc="(Lcom/parkit/parkingsystem/model/Ticket;)Z" line="80"><counter type="INSTRUCTION" missed="48" covered="0"/><counter type="LINE" missed="14" covered="0"/><counter type="COMPLEXITY" missed="1" covered="0"/><counter type="METHOD" missed="1" covered="0"/></method><method name="getNbTicket" desc="(Ljava/lang/String;)I" line="100"><counter type="INSTRUCTION" missed="58" covered="0"/><counter type="BRANCH" missed="2" covered="0"/><counter type="LINE" missed="17" covered="0"/><counter type="COMPLEXITY" missed="2" covered="0"/><counter type="METHOD" missed="1" covered="0"/></method><counter type="INSTRUCTION" missed="269" covered="4"/><counter type="BRANCH" missed="6" covered="0"/><counter type="LINE" missed="71" covered="1"/><counter type="COMPLEXITY" missed="8" covered="1"/><counter type="METHOD" missed="5" covered="1"/><counter type="CLASS" missed="0" covered="1"/></class><class name="com/parkit/parkingsystem/dao/ParkingSpotDAO" sourcefilename="ParkingSpotDAO.java"><method name="&lt;clinit&gt;" desc="()V" line="15"><counter type="INSTRUCTION" missed="0" covered="4"/><counter type="LINE" missed="0" covered="1"/><counter type="COMPLEXITY" missed="0" covered="1"/><counter type="METHOD" missed="0" covered="1"/></method><method name="&lt;init&gt;" desc="()V" line="14"><counter type="INSTRUCTION" missed="8" covered="0"/><counter type="LINE" missed="2" covered="0"/><counter type="COMPLEXITY" missed="1" covered="0"/><counter type="METHOD" missed="1" covered="0"/></method><method name="getNextAvailableSlot" desc="(Lcom/parkit/parkingsystem/constants/ParkingType;)I" line="20"><counter type="INSTRUCTION" missed="47" covered="0"/><counter type="BRANCH" missed="2" covered="0"/><counter type="LINE" missed="14" covered="0"/><counter type="COMPLEXITY" missed="2" covered="0"/><counter type="METHOD" missed="1" covered="0"/></method><method name="updateParking" desc="(Lcom/parkit/parkingsystem/model/ParkingSpot;)Z" line="42"><counter type="INSTRUCTION" missed="47" covered="0"/><counter type="BRANCH" missed="2" covered="0"/><counter type="LINE" missed="12" covered="0"/><counter type="COMPLEXITY" missed="2" covered="0"/><counter type="METHOD" missed="1" covered="0"/></method><counter type="INSTRUCTION" missed="102" covered="4"/><counter type="BRANCH" missed="4" covered="0"/><counter type="LINE" missed="28" covered="1"/><counter type="COMPLEXITY" missed="5" covered="1"/><counter type="METHOD" missed="3" covered="1"/><counter type="CLASS" missed="0" covered="1"/></class><sourcefile name="ParkingSpotDAO.java"><line nr="14" mi="3" ci="0" mb="0" cb="0"/><line nr="15" mi="0" ci="4" mb="0" cb="0"/><line nr="17" mi="5" ci="0" mb="0" cb="0"/><line nr="20" mi="2" ci="0" mb="0" cb="0"/><line nr="21" mi="2" ci="0" mb="0" cb="0"/><line nr="23" mi="4" ci="0" mb="0" cb="0"/><line nr="24" mi="4" ci="0" mb="0" cb="0"/><line nr="25" mi="5" ci="0" mb="0" cb="0"/><line nr="26" mi="3" ci="0" mb="0" cb="0"/><line nr="27" mi="3" ci="0" mb="2" cb="0"/><line nr="28" mi="4" ci="0" mb="0" cb="0"/><line nr="30" mi="4" ci="0" mb="0" cb="0"/><line nr="31" mi="4" ci="0" mb="0" cb="0"/><line nr="32" mi="2" ci="0" mb="0" cb="0"/><line nr="33" mi="4" ci="0" mb="0" cb="0"/><line nr="35" mi="4" ci="0" mb="0" cb="0"/><line nr="37" mi="2" ci="0" mb="0" cb="0"/><line nr="42" mi="2" ci="0" mb="0" cb="0"/><line nr="44" mi="4" ci="0" mb="0" cb="0"/><line nr="45" mi="4" ci="0" mb="0" cb="0"/><line nr="46" mi="5" ci="0" mb="0" cb="0"/><line nr="47" mi="5" ci="0" mb="0" cb="0"/><line nr="48" mi="3" ci="0" mb="0" cb="0"/><line nr="49" mi="4" ci="0" mb="0" cb="0"/><line nr="50" mi="9" ci="0" mb="2" cb="0"/><line nr="51" mi="1" ci="0" mb="0" cb="0"/><line nr="52" mi="4" ci="0" mb="0" cb="0"/><line nr="53" mi="2" ci="0" mb="0" cb="0"/><line nr="55" mi="4" ci="0" mb="0" cb="0"/><counter type="INSTRUCTION" missed="102" covered="4"/><counter type="BRANCH" missed="4" covered="0"/><counter type="LINE" missed="28" covered="1"/><counter type="COMPLEXITY" missed="5" covered="1"/><counter type="METHOD" missed="3" covered="1"/><counter type="CLASS" missed="0" covered="1"/></sourcefile><sourcefile name="TicketDAO.java"><line nr="18" mi="3" ci="0" mb="0" cb="0"/><line nr="20" mi="0" ci="4" mb="0" cb="0"/><line nr="22" mi="5" ci="0" mb="0" cb="0"/><line nr="25" mi="2" ci="0" mb="0" cb="0"/><line nr="27" mi="4" ci="0" mb="0" cb="0"/><line nr="28" mi="4" ci="0" mb="0" cb="0"/><line nr="31" mi="6" ci="0" mb="0" cb="0"/><line nr="32" mi="5" ci="0" mb="0" cb="0"/><line nr="33" mi="5" ci="0" mb="0" cb="0"/><line nr="34" mi="9" ci="0" mb="0" cb="0"/><line nr="35" mi="14" ci="0" mb="2" cb="0"/><line nr="36" mi="5" ci="0" mb="0" cb="0"/><line nr="37" mi="1" ci="0" mb="0" cb="0"/><line nr="38" mi="2" ci="0" mb="0" cb="0"/><line nr="39" mi="1" ci="0" mb="0" cb="0"/><line nr="40" mi="4" ci="0" mb="0" cb="0"/><line nr="42" mi="4" ci="0" mb="0" cb="0"/><line nr="44" mi="2" ci="0" mb="0" cb="0"/><line nr="48" mi="2" ci="0" mb="0" cb="0"/><line nr="49" mi="2" ci="0" mb="0" cb="0"/><line nr="51" mi="4" ci="0" mb="0" cb="0"/><line nr="52" mi="4" ci="0" mb="0" cb="0"/><line nr="54" mi="4" ci="0" mb="0" cb="0"/><line nr="55" mi="3" ci="0" mb="0" cb="0"/><line nr="56" mi="3" ci="0" mb="2" cb="0"/><line nr="57" mi="4" ci="0" mb="0" cb="0"/><line nr="58" mi="12" ci="0" mb="0" cb="0"/><line nr="59" mi="3" ci="0" mb="0" cb="0"/><line nr="60" mi="5" ci="0" mb="0" cb="0"/><line nr="61" mi="3" ci="0" mb="0" cb="0"/><line nr="62" mi="5" ci="0" mb="0" cb="0"/><line nr="63" mi="5" ci="0" mb="0" cb="0"/><line nr="64" mi="5" ci="0" mb="0" cb="0"/><line nr="66" mi="4" ci="0" mb="0" cb="0"/><line nr="67" mi="4" ci="0" mb="0" cb="0"/><line nr="69" mi="2" ci="0" mb="0" cb="0"/><line nr="70" mi="2" ci="0" mb="0" cb="0"/><line nr="71" mi="1" ci="0" mb="0" cb="0"/><line nr="72" mi="4" ci="0" mb="0" cb="0"/><line nr="74" mi="4" ci="0" mb="0" cb="0"/><line nr="76" mi="2" ci="0" mb="0" cb="0"/><line nr="80" mi="2" ci="0" mb="0" cb="0"/><line nr="82" mi="4" ci="0" mb="0" cb="0"/><line nr="83" mi="4" ci="0" mb="0" cb="0"/><line nr="84" mi="5" ci="0" mb="0" cb="0"/><line nr="85" mi="9" ci="0" mb="0" cb="0"/><line nr="86" mi="5" ci="0" mb="0" cb="0"/><line nr="87" mi="3" ci="0" mb="0" cb="0"/><line nr="88" mi="2" ci="0" mb="0" cb="0"/><line nr="89" mi="1" ci="0" mb="0" cb="0"/><line nr="90" mi="2" ci="0" mb="0" cb="0"/><line nr="91" mi="1" ci="0" mb="0" cb="0"/><line nr="92" mi="4" ci="0" mb="0" cb="0"/><line nr="94" mi="4" ci="0" mb="0" cb="0"/><line nr="96" mi="2" ci="0" mb="0" cb="0"/><line nr="100" mi="2" ci="0" mb="0" cb="0"/><line nr="101" mi="2" ci="0" mb="0" cb="0"/><line nr="103" mi="4" ci="0" mb="0" cb="0"/><line nr="104" mi="4" ci="0" mb="0" cb="0"/><line nr="105" mi="4" ci="0" mb="0" cb="0"/><line nr="106" mi="3" ci="0" mb="0" cb="0"/><line nr="107" mi="3" ci="0" mb="2" cb="0"/><line nr="108" mi="4" ci="0" mb="0" cb="0"/><line nr="110" mi="4" ci="0" mb="0" cb="0"/><line nr="111" mi="4" ci="0" mb="0" cb="0"/><line nr="113" mi="2" ci="0" mb="0" cb="0"/><line nr="114" mi="2" ci="0" mb="0" cb="0"/><line nr="115" mi="1" ci="0" mb="0" cb="0"/><line nr="116" mi="4" ci="0" mb="0" cb="0"/><line nr="118" mi="9" ci="0" mb="0" cb="0"/><line nr="119" mi="4" ci="0" mb="0" cb="0"/><line nr="121" mi="2" ci="0" mb="0" cb="0"/><counter type="INSTRUCTION" missed="269" covered="4"/><counter type="BRANCH" missed="6" covered="0"/><counter type="LINE" missed="71" covered="1"/><counter type="COMPLEXITY" missed="8" covered="1"/><counter type="METHOD" missed="5" covered="1"/><counter type="CLASS" missed="0" covered="1"/></sourcefile><counter type="INSTRUCTION" missed="371" covered="8"/><counter type="BRANCH" missed="10" covered="0"/><counter type="LINE" missed="99" covered="2"/><counter type="COMPLEXITY" missed="13" covered="2"/><counter type="METHOD" missed="8" covered="2"/><counter type="CLASS" missed="0" covered="2"/></package><package name="com/parkit/parkingsystem/config"><class name="com/parkit/parkingsystem/config/DataBaseConfig" sourcefilename="DataBaseConfig.java"><method name="&lt;clinit&gt;" desc="()V" line="10"><counter type="INSTRUCTION" missed="4" covered="0"/><counter type="LINE" missed="1" covered="0"/><counter type="COMPLEXITY" missed="1" covered="0"/><counter type="METHOD" missed="1" covered="0"/></method><method name="&lt;init&gt;" desc="()V" line="8"><counter type="INSTRUCTION" missed="3" covered="0"/><counter type="LINE" missed="1" covered="0"/><counter type="COMPLEXITY" missed="1" covered="0"/><counter type="METHOD" missed="1" covered="0"/></method><method name="getConnection" desc="()Ljava/sql/Connection;" line="13"><counter type="INSTRUCTION" missed="11" covered="0"/><counter type="LINE" missed="4" covered="0"/><counter type="COMPLEXITY" missed="1" covered="0"/><counter type="METHOD" missed="1" covered="0"/></method><method name="closeConnection" desc="(Ljava/sql/Connection;)V" line="20"><counter type="INSTRUCTION" missed="14" covered="0"/><counter type="BRANCH" missed="2" covered="0"/><counter type="LINE" missed="6" covered="0"/><counter type="COMPLEXITY" missed="2" covered="0"/><counter type="METHOD" missed="1" covered="0"/></method><method name="closePreparedStatement" desc="(Ljava/sql/PreparedStatement;)V" line="31"><counter type="INSTRUCTION" missed="14" covered="0"/><counter type="BRANCH" missed="2" covered="0"/><counter type="LINE" missed="6" covered="0"/><counter type="COMPLEXITY" missed="2" covered="0"/><counter type="METHOD" missed="1" covered="0"/></method><method name="closeResultSet" desc="(Ljava/sql/ResultSet;)V" line="42"><counter type="INSTRUCTION" missed="14" covered="0"/><counter type="BRANCH" missed="2" covered="0"/><counter type="LINE" missed="6" covered="0"/><counter type="COMPLEXITY" missed="2" covered="0"/><counter type="METHOD" missed="1" covered="0"/></method><counter type="INSTRUCTION" missed="60" covered="0"/><counter type="BRANCH" missed="6" covered="0"/><counter type="LINE" missed="24" covered="0"/><counter type="COMPLEXITY" missed="9" covered="0"/><counter type="METHOD" missed="6" covered="0"/><counter type="CLASS" missed="1" covered="0"/></class><sourcefile name="DataBaseConfig.java"><line nr="8" mi="3" ci="0" mb="0" cb="0"/><line nr="10" mi="4" ci="0" mb="0" cb="0"/><line nr="13" mi="3" ci="0" mb="0" cb="0"/><line nr="14" mi="3" ci="0" mb="0" cb="0"/><line nr="15" mi="2" ci="0" mb="0" cb="0"/><line nr="16" mi="3" ci="0" mb="0" cb="0"/><line nr="20" mi="2" ci="0" mb="2" cb="0"/><line nr="22" mi="2" ci="0" mb="0" cb="0"/><line nr="23" mi="3" ci="0" mb="0" cb="0"/><line nr="24" mi="2" ci="0" mb="0" cb="0"/><line nr="25" mi="4" ci="0" mb="0" cb="0"/><line nr="28" mi="1" ci="0" mb="0" cb="0"/><line nr="31" mi="2" ci="0" mb="2" cb="0"/><line nr="33" mi="2" ci="0" mb="0" cb="0"/><line nr="34" mi="3" ci="0" mb="0" cb="0"/><line nr="35" mi="2" ci="0" mb="0" cb="0"/><line nr="36" mi="4" ci="0" mb="0" cb="0"/><line nr="39" mi="1" ci="0" mb="0" cb="0"/><line nr="42" mi="2" ci="0" mb="2" cb="0"/><line nr="44" mi="2" ci="0" mb="0" cb="0"/><line nr="45" mi="3" ci="0" mb="0" cb="0"/><line nr="46" mi="2" ci="0" mb="0" cb="0"/><line nr="47" mi="4" ci="0" mb="0" cb="0"/><line nr="50" mi="1" ci="0" mb="0" cb="0"/><counter type="INSTRUCTION" missed="60" covered="0"/><counter type="BRANCH" missed="6" covered="0"/><counter type="LINE" missed="24" covered="0"/><counter type="COMPLEXITY" missed="9" covered="0"/><counter type="METHOD" missed="6" covered="0"/><counter type="CLASS" missed="1" covered="0"/></sourcefile><counter type="INSTRUCTION" missed="60" covered="0"/><counter type="BRANCH" missed="6" covered="0"/><counter type="LINE" missed="24" covered="0"/><counter type="COMPLEXITY" missed="9" covered="0"/><counter type="METHOD" missed="6" covered="0"/><counter type="CLASS" missed="1" covered="0"/></package><counter type="INSTRUCTION" missed="644" covered="546"/><counter type="BRANCH" missed="41" covered="23"/><counter type="LINE" missed="193" covered="131"/><counter type="COMPLEXITY" missed="58" covered="39"/><counter type="METHOD" missed="33" covered="30"/><counter type="CLASS" missed="5" covered="8"/></report>